2011-09-10 18:04:55,685  INFO [main] (Version.java:37) - Hibernate Commons Annotations 3.2.0.Final
2011-09-10 18:04:55,695  INFO [main] (Environment.java:603) - Hibernate 3.6.7.Final
2011-09-10 18:04:55,695  INFO [main] (Environment.java:636) - hibernate.properties not found
2011-09-10 18:04:55,705  INFO [main] (Environment.java:814) - Bytecode provider name : javassist
2011-09-10 18:04:55,705  INFO [main] (Environment.java:695) - using JDK 1.4 java.sql.Timestamp handling
2011-09-10 18:04:55,746  INFO [main] (Configuration.java:2156) - configuring from resource: /hibernate.cfg.xml
2011-09-10 18:04:55,746  INFO [main] (Configuration.java:2175) - Configuration resource: /hibernate.cfg.xml
2011-09-10 18:04:55,746 ERROR [main] (StartupPlugIn.java:69) - error init application
org.hibernate.HibernateException: /hibernate.cfg.xml not found
	at org.hibernate.util.ConfigHelper.getResourceAsStream(ConfigHelper.java:170)
	at org.hibernate.cfg.Configuration.getConfigurationInputStream(Configuration.java:2176)
	at org.hibernate.cfg.Configuration.configure(Configuration.java:2157)
	at org.hibernate.cfg.Configuration.configure(Configuration.java:2137)
	at net.mad.ads.manager.utils.listener.StartupPlugIn.contextInitialized(StartupPlugIn.java:65)
	at org.eclipse.jetty.server.handler.ContextHandler.callContextInitialized(ContextHandler.java:672)
	at org.eclipse.jetty.servlet.ServletContextHandler.callContextInitialized(ServletContextHandler.java:401)
	at org.eclipse.jetty.server.handler.ContextHandler.startContext(ContextHandler.java:664)
	at org.eclipse.jetty.servlet.ServletContextHandler.startContext(ServletContextHandler.java:237)
	at org.eclipse.jetty.webapp.WebAppContext.startContext(WebAppContext.java:1211)
	at org.eclipse.jetty.server.handler.ContextHandler.doStart(ContextHandler.java:610)
	at org.eclipse.jetty.webapp.WebAppContext.doStart(WebAppContext.java:452)
	at org.mortbay.jetty.plugin.JettyWebAppContext.doStart(JettyWebAppContext.java:234)
	at org.eclipse.jetty.util.component.AbstractLifeCycle.start(AbstractLifeCycle.java:59)
	at org.eclipse.jetty.server.handler.HandlerCollection.doStart(HandlerCollection.java:224)
	at org.eclipse.jetty.server.handler.ContextHandlerCollection.doStart(ContextHandlerCollection.java:167)
	at org.eclipse.jetty.util.component.AbstractLifeCycle.start(AbstractLifeCycle.java:59)
	at org.eclipse.jetty.server.handler.HandlerCollection.doStart(HandlerCollection.java:224)
	at org.eclipse.jetty.util.component.AbstractLifeCycle.start(AbstractLifeCycle.java:59)
	at org.eclipse.jetty.server.handler.HandlerWrapper.doStart(HandlerWrapper.java:89)
	at org.eclipse.jetty.server.Server.doStart(Server.java:262)
	at org.mortbay.jetty.plugin.JettyServer.doStart(JettyServer.java:67)
	at org.eclipse.jetty.util.component.AbstractLifeCycle.start(AbstractLifeCycle.java:59)
	at org.mortbay.jetty.plugin.AbstractJettyMojo.startJetty(AbstractJettyMojo.java:333)
	at org.mortbay.jetty.plugin.AbstractJettyMojo.execute(AbstractJettyMojo.java:273)
	at org.mortbay.jetty.plugin.JettyRunMojo.execute(JettyRunMojo.java:548)
	at org.apache.maven.plugin.DefaultBuildPluginManager.executeMojo(DefaultBuildPluginManager.java:101)
	at org.apache.maven.lifecycle.internal.MojoExecutor.execute(MojoExecutor.java:209)
	at org.apache.maven.lifecycle.internal.MojoExecutor.execute(MojoExecutor.java:153)
	at org.apache.maven.lifecycle.internal.MojoExecutor.execute(MojoExecutor.java:145)
	at org.apache.maven.lifecycle.internal.LifecycleModuleBuilder.buildProject(LifecycleModuleBuilder.java:84)
	at org.apache.maven.lifecycle.internal.LifecycleModuleBuilder.buildProject(LifecycleModuleBuilder.java:59)
	at org.apache.maven.lifecycle.internal.LifecycleStarter.singleThreadedBuild(LifecycleStarter.java:183)
	at org.apache.maven.lifecycle.internal.LifecycleStarter.execute(LifecycleStarter.java:161)
	at org.apache.maven.DefaultMaven.doExecute(DefaultMaven.java:319)
	at org.apache.maven.DefaultMaven.execute(DefaultMaven.java:156)
	at org.apache.maven.cli.MavenCli.execute(MavenCli.java:537)
	at org.apache.maven.cli.MavenCli.doMain(MavenCli.java:196)
	at org.apache.maven.cli.MavenCli.main(MavenCli.java:141)
	at sun.reflect.NativeMethodAccessorImpl.invoke0(Native Method)
	at sun.reflect.NativeMethodAccessorImpl.invoke(NativeMethodAccessorImpl.java:39)
	at sun.reflect.DelegatingMethodAccessorImpl.invoke(DelegatingMethodAccessorImpl.java:25)
	at java.lang.reflect.Method.invoke(Method.java:597)
	at org.codehaus.plexus.classworlds.launcher.Launcher.launchEnhanced(Launcher.java:290)
	at org.codehaus.plexus.classworlds.launcher.Launcher.launch(Launcher.java:230)
	at org.codehaus.plexus.classworlds.launcher.Launcher.mainWithExitCode(Launcher.java:409)
	at org.codehaus.plexus.classworlds.launcher.Launcher.main(Launcher.java:352)
2011-09-10 18:04:56,058  INFO [main] (WebXmlFile.java:243) - web.xml: url mapping found for filter with name wicket.manager: [/*]
2011-09-10 18:04:56,161  INFO [main] (Application.java:604) - [wicket.manager] init: Wicket core library initializer
2011-09-10 18:04:56,164  INFO [main] (RequestListenerInterface.java:337) - registered listener interface [RequestListenerInterface name=IBehaviorListener, method=public abstract void org.apache.wicket.behavior.IBehaviorListener.onRequest()]
2011-09-10 18:04:56,164  INFO [main] (RequestListenerInterface.java:337) - registered listener interface [RequestListenerInterface name=IBehaviorListener, method=public abstract void org.apache.wicket.behavior.IBehaviorListener.onRequest()]
2011-09-10 18:04:56,165  INFO [main] (RequestListenerInterface.java:337) - registered listener interface [RequestListenerInterface name=IFormSubmitListener, method=public abstract void org.apache.wicket.markup.html.form.IFormSubmitListener.onFormSubmitted()]
2011-09-10 18:04:56,165  INFO [main] (RequestListenerInterface.java:337) - registered listener interface [RequestListenerInterface name=IFormSubmitListener, method=public abstract void org.apache.wicket.markup.html.form.IFormSubmitListener.onFormSubmitted()]
2011-09-10 18:04:56,165  INFO [main] (RequestListenerInterface.java:337) - registered listener interface [RequestListenerInterface name=ILinkListener, method=public abstract void org.apache.wicket.markup.html.link.ILinkListener.onLinkClicked()]
2011-09-10 18:04:56,165  INFO [main] (RequestListenerInterface.java:337) - registered listener interface [RequestListenerInterface name=ILinkListener, method=public abstract void org.apache.wicket.markup.html.link.ILinkListener.onLinkClicked()]
2011-09-10 18:04:56,168  INFO [main] (RequestListenerInterface.java:337) - registered listener interface [RequestListenerInterface name=IOnChangeListener, method=public abstract void org.apache.wicket.markup.html.form.IOnChangeListener.onSelectionChanged()]
2011-09-10 18:04:56,168  INFO [main] (RequestListenerInterface.java:337) - registered listener interface [RequestListenerInterface name=IOnChangeListener, method=public abstract void org.apache.wicket.markup.html.form.IOnChangeListener.onSelectionChanged()]
2011-09-10 18:04:56,168  INFO [main] (RequestListenerInterface.java:337) - registered listener interface [RequestListenerInterface name=IRedirectListener, method=public abstract void org.apache.wicket.IRedirectListener.onRedirect()]
2011-09-10 18:04:56,168  INFO [main] (RequestListenerInterface.java:337) - registered listener interface [RequestListenerInterface name=IRedirectListener, method=public abstract void org.apache.wicket.IRedirectListener.onRedirect()]
2011-09-10 18:04:56,169  INFO [main] (RequestListenerInterface.java:337) - registered listener interface [RequestListenerInterface name=IResourceListener, method=public abstract void org.apache.wicket.IResourceListener.onResourceRequested()]
2011-09-10 18:04:56,169  INFO [main] (RequestListenerInterface.java:337) - registered listener interface [RequestListenerInterface name=IResourceListener, method=public abstract void org.apache.wicket.IResourceListener.onResourceRequested()]
2011-09-10 18:04:56,172  INFO [main] (WebApplication.java:772) - [wicket.manager] Started Wicket version 1.5-RC7 in DEVELOPMENT mode
2011-09-10 18:17:27,977  INFO [main] (Version.java:37) - Hibernate Commons Annotations 3.2.0.Final
2011-09-10 18:17:27,985  INFO [main] (Environment.java:603) - Hibernate 3.6.7.Final
2011-09-10 18:17:27,987  INFO [main] (Environment.java:636) - hibernate.properties not found
2011-09-10 18:17:27,989  INFO [main] (Environment.java:814) - Bytecode provider name : javassist
2011-09-10 18:17:27,992  INFO [main] (Environment.java:695) - using JDK 1.4 java.sql.Timestamp handling
2011-09-10 18:17:28,033  INFO [main] (Configuration.java:2214) - configuring from file: hibernate.cfg.xml
2011-09-10 18:17:28,121  INFO [main] (Configuration.java:789) - Reading mappings from resource : net/mad/ads/base/api/model/ads/Advertisement.hbm.xml
2011-09-10 18:17:28,181  WARN [main] (DTDEntityResolver.java:73) - recognized obsolete hibernate namespace http://hibernate.sourceforge.net/. Use namespace http://www.hibernate.org/dtd/ instead. Refer to Hibernate 3.6 Migration Guide!
2011-09-10 18:17:28,221  INFO [main] (Configuration.java:2297) - Configured SessionFactory: null
2011-09-10 18:17:28,261  INFO [main] (HbmBinder.java:353) - Mapping class: Advertisement -> Advertisement
2011-09-10 18:17:28,281  INFO [main] (Configuration.java:1676) - Hibernate Validator not found: ignoring
2011-09-10 18:17:28,281  INFO [main] (HibernateSearchEventListenerRegister.java:75) - Unable to find org.hibernate.search.event.FullTextIndexEventListener on the classpath. Hibernate Search is not enabled.
2011-09-10 18:17:28,291  INFO [main] (ConnectionProviderFactory.java:173) - Initializing connection provider: org.hibernate.connection.C3P0ConnectionProvider
2011-09-10 18:17:28,291  INFO [main] (C3P0ConnectionProvider.java:103) - C3P0 using driver: org.hsqldb.jdbcDriver at URL: jdbc:hsqldb:mem:.
2011-09-10 18:17:28,291  INFO [main] (C3P0ConnectionProvider.java:104) - Connection properties: {user=sa, password=****}
2011-09-10 18:17:28,291  INFO [main] (C3P0ConnectionProvider.java:107) - autocommit mode: false
2011-09-10 18:17:28,311  WARN [main] (C3P0ConnectionProvider.java:232) - Both hibernate-style property 'hibernate.c3p0.max_size' and c3p0-style property 'c3p0.max_size' have been set in hibernate.properties. Hibernate-style property 'hibernate.c3p0.max_size' will be used and c3p0-style property 'c3p0.max_size' will be ignored!
2011-09-10 18:17:28,311  WARN [main] (C3P0ConnectionProvider.java:232) - Both hibernate-style property 'hibernate.c3p0.min_size' and c3p0-style property 'c3p0.min_size' have been set in hibernate.properties. Hibernate-style property 'hibernate.c3p0.min_size' will be used and c3p0-style property 'c3p0.min_size' will be ignored!
2011-09-10 18:17:28,311  WARN [main] (C3P0ConnectionProvider.java:232) - Both hibernate-style property 'hibernate.c3p0.timeout' and c3p0-style property 'c3p0.timeout' have been set in hibernate.properties. Hibernate-style property 'hibernate.c3p0.timeout' will be used and c3p0-style property 'c3p0.timeout' will be ignored!
2011-09-10 18:17:28,311  WARN [main] (C3P0ConnectionProvider.java:232) - Both hibernate-style property 'hibernate.c3p0.idle_test_period' and c3p0-style property 'c3p0.idle_test_period' have been set in hibernate.properties. Hibernate-style property 'hibernate.c3p0.idle_test_period' will be used and c3p0-style property 'c3p0.idle_test_period' will be ignored!
2011-09-10 18:17:28,311  WARN [main] (C3P0ConnectionProvider.java:232) - Both hibernate-style property 'hibernate.c3p0.acquire_increment' and c3p0-style property 'c3p0.acquire_increment' have been set in hibernate.properties. Hibernate-style property 'hibernate.c3p0.acquire_increment' will be used and c3p0-style property 'c3p0.acquire_increment' will be ignored!
2011-09-10 18:17:28,321  WARN [main] (C3P0ConnectionProvider.java:232) - Both hibernate-style property 'hibernate.c3p0.max_statements' and c3p0-style property 'c3p0.max_statements' have been set in hibernate.properties. Hibernate-style property 'hibernate.c3p0.max_statements' will be used and c3p0-style property 'c3p0.max_statements' will be ignored!
2011-09-10 18:17:28,341  INFO [main] (MLog.java:80) - MLog clients using log4j logging.
2011-09-10 18:17:28,734  INFO [main] (C3P0Registry.java:204) - Initializing c3p0-0.9.1 [built 16-January-2007 14:46:42; debug? true; trace: 10]
2011-09-10 18:17:28,788  INFO [main] (AbstractPoolBackedDataSource.java:462) - Initializing c3p0 pool... com.mchange.v2.c3p0.PoolBackedDataSource@451faf3c [ connectionPoolDataSource -> com.mchange.v2.c3p0.WrapperConnectionPoolDataSource@17411fbd [ acquireIncrement -> 1, acquireRetryAttempts -> 30, acquireRetryDelay -> 1000, autoCommitOnClose -> false, automaticTestTable -> null, breakAfterAcquireFailure -> false, checkoutTimeout -> 0, connectionCustomizerClassName -> null, connectionTesterClassName -> com.mchange.v2.c3p0.impl.DefaultConnectionTester, debugUnreturnedConnectionStackTraces -> false, factoryClassLocation -> null, forceIgnoreUnresolvedTransactions -> false, identityToken -> 1hge0wa8inccebb1rla12z|7e9fae74, idleConnectionTestPeriod -> 100, initialPoolSize -> 10, maxAdministrativeTaskTime -> 0, maxConnectionAge -> 0, maxIdleTime -> 100, maxIdleTimeExcessConnections -> 0, maxPoolSize -> 100, maxStatements -> 0, maxStatementsPerConnection -> 0, minPoolSize -> 10, nestedDataSource -> com.mchange.v2.c3p0.DriverManagerDataSource@9ea18e9e [ description -> null, driverClass -> null, factoryClassLocation -> null, identityToken -> 1hge0wa8inccebb1rla12z|6963c17d, jdbcUrl -> jdbc:hsqldb:mem:., properties -> {user=******, password=******} ], preferredTestQuery -> null, propertyCycle -> 0, testConnectionOnCheckin -> false, testConnectionOnCheckout -> false, unreturnedConnectionTimeout -> 0, usesTraditionalReflectiveProxies -> false; userOverrides: {} ], dataSourceName -> null, factoryClassLocation -> null, identityToken -> 1hge0wa8inccebb1rla12z|1f30ea7, numHelperThreads -> 3 ]
2011-09-10 18:17:29,148  INFO [main] (Dialect.java:135) - Using dialect: org.hibernate.dialect.HSQLDialect
2011-09-10 18:17:29,158  INFO [main] (JdbcSupportLoader.java:108) - Disabling contextual LOB creation as createClob() method threw error : java.lang.reflect.InvocationTargetException
2011-09-10 18:17:29,158  INFO [main] (SettingsFactory.java:126) - Database ->
       name : HSQL Database Engine
    version : 2.2.4
      major : 2
      minor : 2
2011-09-10 18:17:29,158  INFO [main] (SettingsFactory.java:132) - Driver ->
       name : HSQL Database Engine Driver
    version : 2.2.4
      major : 2
      minor : 2
2011-09-10 18:17:29,168  INFO [main] (TransactionFactoryFactory.java:62) - Using default transaction strategy (direct JDBC transactions)
2011-09-10 18:17:29,169  INFO [main] (TransactionManagerLookupFactory.java:83) - No TransactionManagerLookup configured (in JTA environment, use of read-write or transactional second-level cache is not recommended)
2011-09-10 18:17:29,169  INFO [main] (SettingsFactory.java:179) - Automatic flush during beforeCompletion(): disabled
2011-09-10 18:17:29,169  INFO [main] (SettingsFactory.java:183) - Automatic session close at end of transaction: disabled
2011-09-10 18:17:29,169  INFO [main] (SettingsFactory.java:190) - JDBC batch size: 15
2011-09-10 18:17:29,169  INFO [main] (SettingsFactory.java:193) - JDBC batch updates for versioned data: disabled
2011-09-10 18:17:29,169  INFO [main] (SettingsFactory.java:198) - Scrollable result sets: enabled
2011-09-10 18:17:29,169  INFO [main] (SettingsFactory.java:206) - JDBC3 getGeneratedKeys(): enabled
2011-09-10 18:17:29,169  INFO [main] (SettingsFactory.java:214) - Connection release mode: auto
2011-09-10 18:17:29,169  INFO [main] (SettingsFactory.java:241) - Default batch fetch size: 1
2011-09-10 18:17:29,169  INFO [main] (SettingsFactory.java:245) - Generate SQL with comments: disabled
2011-09-10 18:17:29,169  INFO [main] (SettingsFactory.java:249) - Order SQL updates by primary key: disabled
2011-09-10 18:17:29,169  INFO [main] (SettingsFactory.java:253) - Order SQL inserts for batching: disabled
2011-09-10 18:17:29,169  INFO [main] (SettingsFactory.java:431) - Query translator: org.hibernate.hql.ast.ASTQueryTranslatorFactory
2011-09-10 18:17:29,169  INFO [main] (ASTQueryTranslatorFactory.java:47) - Using ASTQueryTranslatorFactory
2011-09-10 18:17:29,169  INFO [main] (SettingsFactory.java:261) - Query language substitutions: {}
2011-09-10 18:17:29,169  INFO [main] (SettingsFactory.java:266) - JPA-QL strict compliance: disabled
2011-09-10 18:17:29,169  INFO [main] (SettingsFactory.java:271) - Second-level cache: enabled
2011-09-10 18:17:29,169  INFO [main] (SettingsFactory.java:275) - Query cache: disabled
2011-09-10 18:17:29,169  INFO [main] (SettingsFactory.java:406) - Cache region factory : org.hibernate.cache.impl.bridge.RegionFactoryCacheProviderBridge
2011-09-10 18:17:29,169  INFO [main] (RegionFactoryCacheProviderBridge.java:61) - Cache provider: org.hibernate.cache.NoCacheProvider
2011-09-10 18:17:29,169  INFO [main] (SettingsFactory.java:285) - Optimize cache for minimal puts: disabled
2011-09-10 18:17:29,169  INFO [main] (SettingsFactory.java:294) - Structured second-level cache entries: disabled
2011-09-10 18:17:29,179  INFO [main] (SettingsFactory.java:314) - Echoing all SQL to stdout
2011-09-10 18:17:29,179  INFO [main] (SettingsFactory.java:323) - Statistics: disabled
2011-09-10 18:17:29,179  INFO [main] (SettingsFactory.java:327) - Deleted entity synthetic identifier rollback: disabled
2011-09-10 18:17:29,179  INFO [main] (SettingsFactory.java:343) - Default entity-mode: pojo
2011-09-10 18:17:29,179  INFO [main] (SettingsFactory.java:347) - Named query checking : enabled
2011-09-10 18:17:29,179  INFO [main] (SettingsFactory.java:351) - Check Nullability in Core (should be disabled when Bean Validation is on): enabled
2011-09-10 18:17:29,199  INFO [main] (SessionFactoryImpl.java:202) - building session factory
2011-09-10 18:17:29,209  INFO [main] (BasicTypeRegistry.java:150) - Type registration [wrapper_characters_clob] overrides previous : org.hibernate.type.CharacterArrayClobType@56554acb
2011-09-10 18:17:29,209  INFO [main] (BasicTypeRegistry.java:150) - Type registration [blob] overrides previous : org.hibernate.type.BlobType@79a181b4
2011-09-10 18:17:29,209  INFO [main] (BasicTypeRegistry.java:150) - Type registration [java.sql.Blob] overrides previous : org.hibernate.type.BlobType@79a181b4
2011-09-10 18:17:29,209  INFO [main] (BasicTypeRegistry.java:150) - Type registration [wrapper_materialized_blob] overrides previous : org.hibernate.type.WrappedMaterializedBlobType@5a4a8ece
2011-09-10 18:17:29,209  INFO [main] (BasicTypeRegistry.java:150) - Type registration [characters_clob] overrides previous : org.hibernate.type.PrimitiveCharacterArrayClobType@54e5a4b1
2011-09-10 18:17:29,209  INFO [main] (BasicTypeRegistry.java:150) - Type registration [materialized_clob] overrides previous : org.hibernate.type.MaterializedClobType@309f8c02
2011-09-10 18:17:29,209  INFO [main] (BasicTypeRegistry.java:150) - Type registration [materialized_blob] overrides previous : org.hibernate.type.MaterializedBlobType@3aa0f03e
2011-09-10 18:17:29,209  INFO [main] (BasicTypeRegistry.java:150) - Type registration [clob] overrides previous : org.hibernate.type.ClobType@1bfc9484
2011-09-10 18:17:29,209  INFO [main] (BasicTypeRegistry.java:150) - Type registration [java.sql.Clob] overrides previous : org.hibernate.type.ClobType@1bfc9484
2011-09-10 18:17:29,299  INFO [main] (SessionFactoryObjectFactory.java:105) - Not binding factory to JNDI, no JNDI name configured
2011-09-10 18:17:29,310  INFO [main] (SchemaExport.java:234) - Running hbm2ddl schema export
2011-09-10 18:17:29,312  INFO [main] (SchemaExport.java:262) - exporting generated schema to database
2011-09-10 18:17:29,315  INFO [main] (SchemaExport.java:281) - schema export complete
2011-09-10 18:17:29,371  INFO [main] (WebXmlFile.java:243) - web.xml: url mapping found for filter with name wicket.manager: [/*]
2011-09-10 18:17:29,455  INFO [main] (Application.java:604) - [wicket.manager] init: Wicket core library initializer
2011-09-10 18:17:29,458  INFO [main] (RequestListenerInterface.java:337) - registered listener interface [RequestListenerInterface name=IBehaviorListener, method=public abstract void org.apache.wicket.behavior.IBehaviorListener.onRequest()]
2011-09-10 18:17:29,458  INFO [main] (RequestListenerInterface.java:337) - registered listener interface [RequestListenerInterface name=IBehaviorListener, method=public abstract void org.apache.wicket.behavior.IBehaviorListener.onRequest()]
2011-09-10 18:17:29,458  INFO [main] (RequestListenerInterface.java:337) - registered listener interface [RequestListenerInterface name=IFormSubmitListener, method=public abstract void org.apache.wicket.markup.html.form.IFormSubmitListener.onFormSubmitted()]
2011-09-10 18:17:29,459  INFO [main] (RequestListenerInterface.java:337) - registered listener interface [RequestListenerInterface name=IFormSubmitListener, method=public abstract void org.apache.wicket.markup.html.form.IFormSubmitListener.onFormSubmitted()]
2011-09-10 18:17:29,459  INFO [main] (RequestListenerInterface.java:337) - registered listener interface [RequestListenerInterface name=ILinkListener, method=public abstract void org.apache.wicket.markup.html.link.ILinkListener.onLinkClicked()]
2011-09-10 18:17:29,459  INFO [main] (RequestListenerInterface.java:337) - registered listener interface [RequestListenerInterface name=ILinkListener, method=public abstract void org.apache.wicket.markup.html.link.ILinkListener.onLinkClicked()]
2011-09-10 18:17:29,460  INFO [main] (RequestListenerInterface.java:337) - registered listener interface [RequestListenerInterface name=IOnChangeListener, method=public abstract void org.apache.wicket.markup.html.form.IOnChangeListener.onSelectionChanged()]
2011-09-10 18:17:29,460  INFO [main] (RequestListenerInterface.java:337) - registered listener interface [RequestListenerInterface name=IOnChangeListener, method=public abstract void org.apache.wicket.markup.html.form.IOnChangeListener.onSelectionChanged()]
2011-09-10 18:17:29,460  INFO [main] (RequestListenerInterface.java:337) - registered listener interface [RequestListenerInterface name=IRedirectListener, method=public abstract void org.apache.wicket.IRedirectListener.onRedirect()]
2011-09-10 18:17:29,460  INFO [main] (RequestListenerInterface.java:337) - registered listener interface [RequestListenerInterface name=IRedirectListener, method=public abstract void org.apache.wicket.IRedirectListener.onRedirect()]
2011-09-10 18:17:29,461  INFO [main] (RequestListenerInterface.java:337) - registered listener interface [RequestListenerInterface name=IResourceListener, method=public abstract void org.apache.wicket.IResourceListener.onResourceRequested()]
2011-09-10 18:17:29,461  INFO [main] (RequestListenerInterface.java:337) - registered listener interface [RequestListenerInterface name=IResourceListener, method=public abstract void org.apache.wicket.IResourceListener.onResourceRequested()]
2011-09-10 18:17:29,463  INFO [main] (WebApplication.java:772) - [wicket.manager] Started Wicket version 1.5-RC7 in DEVELOPMENT mode
