2011-09-24 08:58:58,979 ERROR [qtp1983844729-20] (DefaultExceptionMapper.java:114) - Unexpected error occurred
org.apache.wicket.WicketRuntimeException: The component(s) below failed to render. A common problem is that you have added a component in code but forgot to reference it in the markup (thus the component will never be rendered).

1. [Component id = myLable]

	at org.apache.wicket.Page.checkRendering(Page.java:693)
	at org.apache.wicket.Page.onAfterRender(Page.java:843)
	at org.apache.wicket.markup.html.WebPage.onAfterRender(WebPage.java:213)
	at org.apache.wicket.Component.afterRender(Component.java:944)
	at org.apache.wicket.Component.render(Component.java:2281)
	at org.apache.wicket.Page.renderPage(Page.java:1035)
	at org.apache.wicket.request.handler.render.WebPageRenderer.renderPage(WebPageRenderer.java:105)
	at org.apache.wicket.request.handler.render.WebPageRenderer.respond(WebPageRenderer.java:224)
	at org.apache.wicket.request.handler.RenderPageRequestHandler.respond(RenderPageRequestHandler.java:147)
	at org.apache.wicket.request.cycle.RequestCycle$HandlerExecutor.respond(RequestCycle.java:719)
	at org.apache.wicket.request.RequestHandlerStack.execute(RequestHandlerStack.java:63)
	at org.apache.wicket.request.cycle.RequestCycle.processRequest(RequestCycle.java:210)
	at org.apache.wicket.request.cycle.RequestCycle.processRequestAndDetach(RequestCycle.java:253)
	at org.apache.wicket.protocol.http.WicketFilter.processRequest(WicketFilter.java:162)
	at org.apache.wicket.protocol.http.WicketFilter.doFilter(WicketFilter.java:218)
	at org.eclipse.jetty.servlet.ServletHandler$CachedChain.doFilter(ServletHandler.java:1333)
	at org.eclipse.jetty.servlet.ServletHandler.doHandle(ServletHandler.java:487)
	at org.eclipse.jetty.server.handler.ScopedHandler.handle(ScopedHandler.java:119)
	at org.eclipse.jetty.security.SecurityHandler.handle(SecurityHandler.java:520)
	at org.eclipse.jetty.server.session.SessionHandler.doHandle(SessionHandler.java:233)
	at org.eclipse.jetty.server.handler.ContextHandler.doHandle(ContextHandler.java:972)
	at org.eclipse.jetty.servlet.ServletHandler.doScope(ServletHandler.java:417)
	at org.eclipse.jetty.server.session.SessionHandler.doScope(SessionHandler.java:192)
	at org.eclipse.jetty.server.handler.ContextHandler.doScope(ContextHandler.java:906)
	at org.eclipse.jetty.server.handler.ScopedHandler.handle(ScopedHandler.java:117)
	at org.eclipse.jetty.server.handler.ContextHandlerCollection.handle(ContextHandlerCollection.java:250)
	at org.eclipse.jetty.server.handler.HandlerCollection.handle(HandlerCollection.java:149)
	at org.eclipse.jetty.server.handler.HandlerWrapper.handle(HandlerWrapper.java:110)
	at org.eclipse.jetty.server.Server.handle(Server.java:350)
	at org.eclipse.jetty.server.HttpConnection.handleRequest(HttpConnection.java:442)
	at org.eclipse.jetty.server.HttpConnection$RequestHandler.headerComplete(HttpConnection.java:910)
	at org.eclipse.jetty.http.HttpParser.parseNext(HttpParser.java:565)
	at org.eclipse.jetty.http.HttpParser.parseAvailable(HttpParser.java:217)
	at org.eclipse.jetty.server.AsyncHttpConnection.handle(AsyncHttpConnection.java:46)
	at org.eclipse.jetty.io.nio.SelectChannelEndPoint.handle(SelectChannelEndPoint.java:545)
	at org.eclipse.jetty.io.nio.SelectChannelEndPoint$1.run(SelectChannelEndPoint.java:43)
	at org.eclipse.jetty.util.thread.QueuedThreadPool.runJob(QueuedThreadPool.java:598)
	at org.eclipse.jetty.util.thread.QueuedThreadPool$3.run(QueuedThreadPool.java:533)
	at java.lang.Thread.run(Thread.java:662)
2011-09-24 08:59:58,726 ERROR [qtp1983844729-21] (DefaultExceptionMapper.java:114) - Unexpected error occurred
org.apache.wicket.WicketRuntimeException: The component(s) below failed to render. A common problem is that you have added a component in code but forgot to reference it in the markup (thus the component will never be rendered).

1. [Component id = myLable]

	at org.apache.wicket.Page.checkRendering(Page.java:693)
	at org.apache.wicket.Page.onAfterRender(Page.java:843)
	at org.apache.wicket.markup.html.WebPage.onAfterRender(WebPage.java:213)
	at org.apache.wicket.Component.afterRender(Component.java:944)
	at org.apache.wicket.Component.render(Component.java:2281)
	at org.apache.wicket.Page.renderPage(Page.java:1035)
	at org.apache.wicket.request.handler.render.WebPageRenderer.renderPage(WebPageRenderer.java:105)
	at org.apache.wicket.request.handler.render.WebPageRenderer.respond(WebPageRenderer.java:224)
	at org.apache.wicket.request.handler.RenderPageRequestHandler.respond(RenderPageRequestHandler.java:147)
	at org.apache.wicket.request.cycle.RequestCycle$HandlerExecutor.respond(RequestCycle.java:719)
	at org.apache.wicket.request.RequestHandlerStack.execute(RequestHandlerStack.java:63)
	at org.apache.wicket.request.cycle.RequestCycle.processRequest(RequestCycle.java:210)
	at org.apache.wicket.request.cycle.RequestCycle.processRequestAndDetach(RequestCycle.java:253)
	at org.apache.wicket.protocol.http.WicketFilter.processRequest(WicketFilter.java:162)
	at org.apache.wicket.protocol.http.WicketFilter.doFilter(WicketFilter.java:218)
	at org.eclipse.jetty.servlet.ServletHandler$CachedChain.doFilter(ServletHandler.java:1333)
	at org.eclipse.jetty.servlet.ServletHandler.doHandle(ServletHandler.java:487)
	at org.eclipse.jetty.server.handler.ScopedHandler.handle(ScopedHandler.java:119)
	at org.eclipse.jetty.security.SecurityHandler.handle(SecurityHandler.java:520)
	at org.eclipse.jetty.server.session.SessionHandler.doHandle(SessionHandler.java:233)
	at org.eclipse.jetty.server.handler.ContextHandler.doHandle(ContextHandler.java:972)
	at org.eclipse.jetty.servlet.ServletHandler.doScope(ServletHandler.java:417)
	at org.eclipse.jetty.server.session.SessionHandler.doScope(SessionHandler.java:192)
	at org.eclipse.jetty.server.handler.ContextHandler.doScope(ContextHandler.java:906)
	at org.eclipse.jetty.server.handler.ScopedHandler.handle(ScopedHandler.java:117)
	at org.eclipse.jetty.server.handler.ContextHandlerCollection.handle(ContextHandlerCollection.java:250)
	at org.eclipse.jetty.server.handler.HandlerCollection.handle(HandlerCollection.java:149)
	at org.eclipse.jetty.server.handler.HandlerWrapper.handle(HandlerWrapper.java:110)
	at org.eclipse.jetty.server.Server.handle(Server.java:350)
	at org.eclipse.jetty.server.HttpConnection.handleRequest(HttpConnection.java:442)
	at org.eclipse.jetty.server.HttpConnection$RequestHandler.headerComplete(HttpConnection.java:910)
	at org.eclipse.jetty.http.HttpParser.parseNext(HttpParser.java:565)
	at org.eclipse.jetty.http.HttpParser.parseAvailable(HttpParser.java:217)
	at org.eclipse.jetty.server.AsyncHttpConnection.handle(AsyncHttpConnection.java:46)
	at org.eclipse.jetty.io.nio.SelectChannelEndPoint.handle(SelectChannelEndPoint.java:545)
	at org.eclipse.jetty.io.nio.SelectChannelEndPoint$1.run(SelectChannelEndPoint.java:43)
	at org.eclipse.jetty.util.thread.QueuedThreadPool.runJob(QueuedThreadPool.java:598)
	at org.eclipse.jetty.util.thread.QueuedThreadPool$3.run(QueuedThreadPool.java:533)
	at java.lang.Thread.run(Thread.java:662)
2011-09-24 09:00:30,512 ERROR [qtp619463392-24] (DefaultExceptionMapper.java:114) - Unexpected error occurred
org.apache.wicket.WicketRuntimeException: The component(s) below failed to render. A common problem is that you have added a component in code but forgot to reference it in the markup (thus the component will never be rendered).

1. [Component id = myLable]

	at org.apache.wicket.Page.checkRendering(Page.java:693)
	at org.apache.wicket.Page.onAfterRender(Page.java:843)
	at org.apache.wicket.markup.html.WebPage.onAfterRender(WebPage.java:213)
	at org.apache.wicket.Component.afterRender(Component.java:944)
	at org.apache.wicket.Component.render(Component.java:2281)
	at org.apache.wicket.Page.renderPage(Page.java:1035)
	at org.apache.wicket.request.handler.render.WebPageRenderer.renderPage(WebPageRenderer.java:105)
	at org.apache.wicket.request.handler.render.WebPageRenderer.respond(WebPageRenderer.java:224)
	at org.apache.wicket.request.handler.RenderPageRequestHandler.respond(RenderPageRequestHandler.java:147)
	at org.apache.wicket.request.cycle.RequestCycle$HandlerExecutor.respond(RequestCycle.java:719)
	at org.apache.wicket.request.RequestHandlerStack.execute(RequestHandlerStack.java:63)
	at org.apache.wicket.request.cycle.RequestCycle.processRequest(RequestCycle.java:210)
	at org.apache.wicket.request.cycle.RequestCycle.processRequestAndDetach(RequestCycle.java:253)
	at org.apache.wicket.protocol.http.WicketFilter.processRequest(WicketFilter.java:162)
	at org.apache.wicket.protocol.http.WicketFilter.doFilter(WicketFilter.java:218)
	at org.eclipse.jetty.servlet.ServletHandler$CachedChain.doFilter(ServletHandler.java:1333)
	at org.eclipse.jetty.servlet.ServletHandler.doHandle(ServletHandler.java:487)
	at org.eclipse.jetty.server.handler.ScopedHandler.handle(ScopedHandler.java:119)
	at org.eclipse.jetty.security.SecurityHandler.handle(SecurityHandler.java:520)
	at org.eclipse.jetty.server.session.SessionHandler.doHandle(SessionHandler.java:233)
	at org.eclipse.jetty.server.handler.ContextHandler.doHandle(ContextHandler.java:972)
	at org.eclipse.jetty.servlet.ServletHandler.doScope(ServletHandler.java:417)
	at org.eclipse.jetty.server.session.SessionHandler.doScope(SessionHandler.java:192)
	at org.eclipse.jetty.server.handler.ContextHandler.doScope(ContextHandler.java:906)
	at org.eclipse.jetty.server.handler.ScopedHandler.handle(ScopedHandler.java:117)
	at org.eclipse.jetty.server.handler.ContextHandlerCollection.handle(ContextHandlerCollection.java:250)
	at org.eclipse.jetty.server.handler.HandlerCollection.handle(HandlerCollection.java:149)
	at org.eclipse.jetty.server.handler.HandlerWrapper.handle(HandlerWrapper.java:110)
	at org.eclipse.jetty.server.Server.handle(Server.java:350)
	at org.eclipse.jetty.server.HttpConnection.handleRequest(HttpConnection.java:442)
	at org.eclipse.jetty.server.HttpConnection$RequestHandler.headerComplete(HttpConnection.java:910)
	at org.eclipse.jetty.http.HttpParser.parseNext(HttpParser.java:565)
	at org.eclipse.jetty.http.HttpParser.parseAvailable(HttpParser.java:217)
	at org.eclipse.jetty.server.AsyncHttpConnection.handle(AsyncHttpConnection.java:46)
	at org.eclipse.jetty.io.nio.SelectChannelEndPoint.handle(SelectChannelEndPoint.java:545)
	at org.eclipse.jetty.io.nio.SelectChannelEndPoint$1.run(SelectChannelEndPoint.java:43)
	at org.eclipse.jetty.util.thread.QueuedThreadPool.runJob(QueuedThreadPool.java:598)
	at org.eclipse.jetty.util.thread.QueuedThreadPool$3.run(QueuedThreadPool.java:533)
	at java.lang.Thread.run(Thread.java:662)
2011-09-24 09:07:34,643 ERROR [qtp1686581432-25] (DefaultExceptionMapper.java:114) - Unexpected error occurred
org.apache.wicket.request.handler.ComponentNotFoundException: Could not find component 'goUS' on page 'class net.mad.ads.manager.web.pages.help.HelpPage
	at org.apache.wicket.request.handler.PageAndComponentProvider.getComponent(PageAndComponentProvider.java:167)
	at org.apache.wicket.request.handler.ListenerInterfaceRequestHandler.getComponent(ListenerInterfaceRequestHandler.java:81)
	at org.apache.wicket.request.handler.ListenerInterfaceRequestHandler.respond(ListenerInterfaceRequestHandler.java:150)
	at org.apache.wicket.request.cycle.RequestCycle$HandlerExecutor.respond(RequestCycle.java:719)
	at org.apache.wicket.request.RequestHandlerStack.execute(RequestHandlerStack.java:63)
	at org.apache.wicket.request.cycle.RequestCycle.processRequest(RequestCycle.java:210)
	at org.apache.wicket.request.cycle.RequestCycle.processRequestAndDetach(RequestCycle.java:253)
	at org.apache.wicket.protocol.http.WicketFilter.processRequest(WicketFilter.java:162)
	at org.apache.wicket.protocol.http.WicketFilter.doFilter(WicketFilter.java:218)
	at org.eclipse.jetty.servlet.ServletHandler$CachedChain.doFilter(ServletHandler.java:1333)
	at org.eclipse.jetty.servlet.ServletHandler.doHandle(ServletHandler.java:487)
	at org.eclipse.jetty.server.handler.ScopedHandler.handle(ScopedHandler.java:119)
	at org.eclipse.jetty.security.SecurityHandler.handle(SecurityHandler.java:520)
	at org.eclipse.jetty.server.session.SessionHandler.doHandle(SessionHandler.java:233)
	at org.eclipse.jetty.server.handler.ContextHandler.doHandle(ContextHandler.java:972)
	at org.eclipse.jetty.servlet.ServletHandler.doScope(ServletHandler.java:417)
	at org.eclipse.jetty.server.session.SessionHandler.doScope(SessionHandler.java:192)
	at org.eclipse.jetty.server.handler.ContextHandler.doScope(ContextHandler.java:906)
	at org.eclipse.jetty.server.handler.ScopedHandler.handle(ScopedHandler.java:117)
	at org.eclipse.jetty.server.handler.ContextHandlerCollection.handle(ContextHandlerCollection.java:250)
	at org.eclipse.jetty.server.handler.HandlerCollection.handle(HandlerCollection.java:149)
	at org.eclipse.jetty.server.handler.HandlerWrapper.handle(HandlerWrapper.java:110)
	at org.eclipse.jetty.server.Server.handle(Server.java:350)
	at org.eclipse.jetty.server.HttpConnection.handleRequest(HttpConnection.java:442)
	at org.eclipse.jetty.server.HttpConnection$RequestHandler.headerComplete(HttpConnection.java:910)
	at org.eclipse.jetty.http.HttpParser.parseNext(HttpParser.java:565)
	at org.eclipse.jetty.http.HttpParser.parseAvailable(HttpParser.java:217)
	at org.eclipse.jetty.server.AsyncHttpConnection.handle(AsyncHttpConnection.java:46)
	at org.eclipse.jetty.io.nio.SelectChannelEndPoint.handle(SelectChannelEndPoint.java:545)
	at org.eclipse.jetty.io.nio.SelectChannelEndPoint$1.run(SelectChannelEndPoint.java:43)
	at org.eclipse.jetty.util.thread.QueuedThreadPool.runJob(QueuedThreadPool.java:598)
	at org.eclipse.jetty.util.thread.QueuedThreadPool$3.run(QueuedThreadPool.java:533)
	at java.lang.Thread.run(Thread.java:662)
2011-09-24 10:38:33,776 ERROR [qtp1904394969-25] (MarkupContainer.java:1518) - Unable to find component with id 'mainNavigation' in [Page class = net.mad.ads.manager.web.pages.SignInPage, id = 0, render count = 1]
	Expected: '.mainNavigation'.
	Found with similar names: ''
2011-09-24 10:38:33,795 ERROR [qtp1904394969-25] (DefaultExceptionMapper.java:114) - Unexpected error occurred
Unable to find component with id 'mainNavigation' in [Page class = net.mad.ads.manager.web.pages.SignInPage, id = 0, render count = 1]
	Expected: '.mainNavigation'.
	Found with similar names: ''
 MarkupStream: [markup = file:/D:/workspace1/advertisement/ad.manager/target/classes/net/mad/ads/manager/web/pages/SignInPage.html
<html xmlns:wicket="http://wicket.apache.org">
<head>
    <title><wicket:message key="page.title"/></title>
    <link rel="stylesheet" type="text/css" href="styles/style.css"/>
</head>
<body>
    <span wicket:id="mainNavigation"></span>
    <p>
    <i>Username and password are both "wicket"</i>
    </p>
    <span wicket:id="signInPanel"></span>
</body>
</html>
, index = 9, current =  '<span wicket:id="mainNavigation">' (line 0, column 0)]
	at org.apache.wicket.markup.MarkupStream.throwMarkupException(MarkupStream.java:526)
	at org.apache.wicket.MarkupContainer.renderNext(MarkupContainer.java:1519)
	at org.apache.wicket.MarkupContainer.renderAll(MarkupContainer.java:1638)
	at org.apache.wicket.Page.onRender(Page.java:904)
	at org.apache.wicket.markup.html.WebPage.onRender(WebPage.java:140)
	at org.apache.wicket.Component.internalRender(Component.java:2341)
	at org.apache.wicket.Component.render(Component.java:2269)
	at org.apache.wicket.Page.renderPage(Page.java:1035)
	at org.apache.wicket.request.handler.render.WebPageRenderer.renderPage(WebPageRenderer.java:105)
	at org.apache.wicket.request.handler.render.WebPageRenderer.respond(WebPageRenderer.java:224)
	at org.apache.wicket.request.handler.RenderPageRequestHandler.respond(RenderPageRequestHandler.java:147)
	at org.apache.wicket.request.cycle.RequestCycle$HandlerExecutor.respond(RequestCycle.java:719)
	at org.apache.wicket.request.RequestHandlerStack.execute(RequestHandlerStack.java:63)
	at org.apache.wicket.request.cycle.RequestCycle.processRequest(RequestCycle.java:210)
	at org.apache.wicket.request.cycle.RequestCycle.processRequestAndDetach(RequestCycle.java:253)
	at org.apache.wicket.protocol.http.WicketFilter.processRequest(WicketFilter.java:162)
	at org.apache.wicket.protocol.http.WicketFilter.doFilter(WicketFilter.java:218)
	at org.eclipse.jetty.servlet.ServletHandler$CachedChain.doFilter(ServletHandler.java:1333)
	at org.eclipse.jetty.servlet.ServletHandler.doHandle(ServletHandler.java:487)
	at org.eclipse.jetty.server.handler.ScopedHandler.handle(ScopedHandler.java:119)
	at org.eclipse.jetty.security.SecurityHandler.handle(SecurityHandler.java:520)
	at org.eclipse.jetty.server.session.SessionHandler.doHandle(SessionHandler.java:233)
	at org.eclipse.jetty.server.handler.ContextHandler.doHandle(ContextHandler.java:972)
	at org.eclipse.jetty.servlet.ServletHandler.doScope(ServletHandler.java:417)
	at org.eclipse.jetty.server.session.SessionHandler.doScope(SessionHandler.java:192)
	at org.eclipse.jetty.server.handler.ContextHandler.doScope(ContextHandler.java:906)
	at org.eclipse.jetty.server.handler.ScopedHandler.handle(ScopedHandler.java:117)
	at org.eclipse.jetty.server.handler.ContextHandlerCollection.handle(ContextHandlerCollection.java:250)
	at org.eclipse.jetty.server.handler.HandlerCollection.handle(HandlerCollection.java:149)
	at org.eclipse.jetty.server.handler.HandlerWrapper.handle(HandlerWrapper.java:110)
	at org.eclipse.jetty.server.Server.handle(Server.java:350)
	at org.eclipse.jetty.server.HttpConnection.handleRequest(HttpConnection.java:442)
	at org.eclipse.jetty.server.HttpConnection$RequestHandler.headerComplete(HttpConnection.java:910)
	at org.eclipse.jetty.http.HttpParser.parseNext(HttpParser.java:565)
	at org.eclipse.jetty.http.HttpParser.parseAvailable(HttpParser.java:217)
	at org.eclipse.jetty.server.AsyncHttpConnection.handle(AsyncHttpConnection.java:46)
	at org.eclipse.jetty.io.nio.SelectChannelEndPoint.handle(SelectChannelEndPoint.java:545)
	at org.eclipse.jetty.io.nio.SelectChannelEndPoint$1.run(SelectChannelEndPoint.java:43)
	at org.eclipse.jetty.util.thread.QueuedThreadPool.runJob(QueuedThreadPool.java:598)
	at org.eclipse.jetty.util.thread.QueuedThreadPool$3.run(QueuedThreadPool.java:533)
	at java.lang.Thread.run(Thread.java:662)
2011-09-24 10:58:13,578 ERROR [qtp1461723831-25] (JDBCExceptionReporter.java:234) - Tabelle "ADMINUSER" nicht gefunden
Table "ADMINUSER" not found; SQL statement:
select this_.id as id1_0_, this_.username as username1_0_, this_.password as password1_0_, this_.email as email1_0_, this_.created as created1_0_, this_.active as active1_0_, this_.type as type1_0_ from AdminUser this_ where this_.username=? and this_.password=? limit ? [42102-160]
2011-09-24 10:58:13,603 ERROR [qtp1461723831-25] (ManagerSession.java:56) - 
net.mad.ads.base.api.exception.ServiceException: could not execute query
	at net.mad.ads.base.api.service.user.HibernateUserService.login(HibernateUserService.java:64)
	at net.mad.ads.manager.web.application.ManagerSession.authenticate(ManagerSession.java:50)
	at org.apache.wicket.authroles.authentication.AuthenticatedWebSession.signIn(AuthenticatedWebSession.java:65)
	at org.apache.wicket.authroles.authentication.panel.SignInPanel.signIn(SignInPanel.java:219)
	at org.apache.wicket.authroles.authentication.panel.SignInPanel.access$100(SignInPanel.java:51)
	at org.apache.wicket.authroles.authentication.panel.SignInPanel$SignInForm.onSubmit(SignInPanel.java:296)
	at org.apache.wicket.markup.html.form.Form$10.component(Form.java:1157)
	at org.apache.wicket.markup.html.form.Form$10.component(Form.java:1152)
	at org.apache.wicket.util.visit.Visits.visitPostOrderHelper(Visits.java:273)
	at org.apache.wicket.util.visit.Visits.visitPostOrder(Visits.java:244)
	at org.apache.wicket.markup.html.form.Form.delegateSubmit(Form.java:1150)
	at org.apache.wicket.markup.html.form.Form.process(Form.java:803)
	at org.apache.wicket.markup.html.form.Form.onFormSubmitted(Form.java:728)
	at org.apache.wicket.markup.html.form.Form.onFormSubmitted(Form.java:670)
	at sun.reflect.NativeMethodAccessorImpl.invoke0(Native Method)
	at sun.reflect.NativeMethodAccessorImpl.invoke(NativeMethodAccessorImpl.java:39)
	at sun.reflect.DelegatingMethodAccessorImpl.invoke(DelegatingMethodAccessorImpl.java:25)
	at java.lang.reflect.Method.invoke(Method.java:597)
	at org.apache.wicket.RequestListenerInterface.internalInvoke(RequestListenerInterface.java:260)
	at org.apache.wicket.RequestListenerInterface.invoke(RequestListenerInterface.java:216)
	at org.apache.wicket.request.handler.ListenerInterfaceRequestHandler.invokeListener(ListenerInterfaceRequestHandler.java:179)
	at org.apache.wicket.request.handler.ListenerInterfaceRequestHandler.respond(ListenerInterfaceRequestHandler.java:165)
	at org.apache.wicket.request.cycle.RequestCycle$HandlerExecutor.respond(RequestCycle.java:719)
	at org.apache.wicket.request.RequestHandlerStack.execute(RequestHandlerStack.java:63)
	at org.apache.wicket.request.cycle.RequestCycle.processRequest(RequestCycle.java:210)
	at org.apache.wicket.request.cycle.RequestCycle.processRequestAndDetach(RequestCycle.java:253)
	at org.apache.wicket.protocol.http.WicketFilter.processRequest(WicketFilter.java:162)
	at org.apache.wicket.protocol.http.WicketFilter.doFilter(WicketFilter.java:218)
	at org.eclipse.jetty.servlet.ServletHandler$CachedChain.doFilter(ServletHandler.java:1333)
	at org.eclipse.jetty.servlet.ServletHandler.doHandle(ServletHandler.java:487)
	at org.eclipse.jetty.server.handler.ScopedHandler.handle(ScopedHandler.java:119)
	at org.eclipse.jetty.security.SecurityHandler.handle(SecurityHandler.java:520)
	at org.eclipse.jetty.server.session.SessionHandler.doHandle(SessionHandler.java:233)
	at org.eclipse.jetty.server.handler.ContextHandler.doHandle(ContextHandler.java:972)
	at org.eclipse.jetty.servlet.ServletHandler.doScope(ServletHandler.java:417)
	at org.eclipse.jetty.server.session.SessionHandler.doScope(SessionHandler.java:192)
	at org.eclipse.jetty.server.handler.ContextHandler.doScope(ContextHandler.java:906)
	at org.eclipse.jetty.server.handler.ScopedHandler.handle(ScopedHandler.java:117)
	at org.eclipse.jetty.server.handler.ContextHandlerCollection.handle(ContextHandlerCollection.java:250)
	at org.eclipse.jetty.server.handler.HandlerCollection.handle(HandlerCollection.java:149)
	at org.eclipse.jetty.server.handler.HandlerWrapper.handle(HandlerWrapper.java:110)
	at org.eclipse.jetty.server.Server.handle(Server.java:350)
	at org.eclipse.jetty.server.HttpConnection.handleRequest(HttpConnection.java:442)
	at org.eclipse.jetty.server.HttpConnection$RequestHandler.content(HttpConnection.java:927)
	at org.eclipse.jetty.http.HttpParser.parseNext(HttpParser.java:784)
	at org.eclipse.jetty.http.HttpParser.parseAvailable(HttpParser.java:223)
	at org.eclipse.jetty.server.AsyncHttpConnection.handle(AsyncHttpConnection.java:46)
	at org.eclipse.jetty.io.nio.SelectChannelEndPoint.handle(SelectChannelEndPoint.java:545)
	at org.eclipse.jetty.io.nio.SelectChannelEndPoint$1.run(SelectChannelEndPoint.java:43)
	at org.eclipse.jetty.util.thread.QueuedThreadPool.runJob(QueuedThreadPool.java:598)
	at org.eclipse.jetty.util.thread.QueuedThreadPool$3.run(QueuedThreadPool.java:533)
	at java.lang.Thread.run(Thread.java:662)
2011-09-24 10:58:17,153 ERROR [qtp1461723831-24] (JDBCExceptionReporter.java:234) - Tabelle "ADMINUSER" nicht gefunden
Table "ADMINUSER" not found; SQL statement:
select this_.id as id1_0_, this_.username as username1_0_, this_.password as password1_0_, this_.email as email1_0_, this_.created as created1_0_, this_.active as active1_0_, this_.type as type1_0_ from AdminUser this_ where this_.username=? and this_.password=? limit ? [42102-160]
2011-09-24 10:58:17,154 ERROR [qtp1461723831-24] (ManagerSession.java:56) - 
net.mad.ads.base.api.exception.ServiceException: could not execute query
	at net.mad.ads.base.api.service.user.HibernateUserService.login(HibernateUserService.java:64)
	at net.mad.ads.manager.web.application.ManagerSession.authenticate(ManagerSession.java:50)
	at org.apache.wicket.authroles.authentication.AuthenticatedWebSession.signIn(AuthenticatedWebSession.java:65)
	at org.apache.wicket.authroles.authentication.panel.SignInPanel.signIn(SignInPanel.java:219)
	at org.apache.wicket.authroles.authentication.panel.SignInPanel.access$100(SignInPanel.java:51)
	at org.apache.wicket.authroles.authentication.panel.SignInPanel$SignInForm.onSubmit(SignInPanel.java:296)
	at org.apache.wicket.markup.html.form.Form$10.component(Form.java:1157)
	at org.apache.wicket.markup.html.form.Form$10.component(Form.java:1152)
	at org.apache.wicket.util.visit.Visits.visitPostOrderHelper(Visits.java:273)
	at org.apache.wicket.util.visit.Visits.visitPostOrder(Visits.java:244)
	at org.apache.wicket.markup.html.form.Form.delegateSubmit(Form.java:1150)
	at org.apache.wicket.markup.html.form.Form.process(Form.java:803)
	at org.apache.wicket.markup.html.form.Form.onFormSubmitted(Form.java:728)
	at org.apache.wicket.markup.html.form.Form.onFormSubmitted(Form.java:670)
	at sun.reflect.NativeMethodAccessorImpl.invoke0(Native Method)
	at sun.reflect.NativeMethodAccessorImpl.invoke(NativeMethodAccessorImpl.java:39)
	at sun.reflect.DelegatingMethodAccessorImpl.invoke(DelegatingMethodAccessorImpl.java:25)
	at java.lang.reflect.Method.invoke(Method.java:597)
	at org.apache.wicket.RequestListenerInterface.internalInvoke(RequestListenerInterface.java:260)
	at org.apache.wicket.RequestListenerInterface.invoke(RequestListenerInterface.java:216)
	at org.apache.wicket.request.handler.ListenerInterfaceRequestHandler.invokeListener(ListenerInterfaceRequestHandler.java:179)
	at org.apache.wicket.request.handler.ListenerInterfaceRequestHandler.respond(ListenerInterfaceRequestHandler.java:165)
	at org.apache.wicket.request.cycle.RequestCycle$HandlerExecutor.respond(RequestCycle.java:719)
	at org.apache.wicket.request.RequestHandlerStack.execute(RequestHandlerStack.java:63)
	at org.apache.wicket.request.cycle.RequestCycle.processRequest(RequestCycle.java:210)
	at org.apache.wicket.request.cycle.RequestCycle.processRequestAndDetach(RequestCycle.java:253)
	at org.apache.wicket.protocol.http.WicketFilter.processRequest(WicketFilter.java:162)
	at org.apache.wicket.protocol.http.WicketFilter.doFilter(WicketFilter.java:218)
	at org.eclipse.jetty.servlet.ServletHandler$CachedChain.doFilter(ServletHandler.java:1333)
	at org.eclipse.jetty.servlet.ServletHandler.doHandle(ServletHandler.java:487)
	at org.eclipse.jetty.server.handler.ScopedHandler.handle(ScopedHandler.java:119)
	at org.eclipse.jetty.security.SecurityHandler.handle(SecurityHandler.java:520)
	at org.eclipse.jetty.server.session.SessionHandler.doHandle(SessionHandler.java:233)
	at org.eclipse.jetty.server.handler.ContextHandler.doHandle(ContextHandler.java:972)
	at org.eclipse.jetty.servlet.ServletHandler.doScope(ServletHandler.java:417)
	at org.eclipse.jetty.server.session.SessionHandler.doScope(SessionHandler.java:192)
	at org.eclipse.jetty.server.handler.ContextHandler.doScope(ContextHandler.java:906)
	at org.eclipse.jetty.server.handler.ScopedHandler.handle(ScopedHandler.java:117)
	at org.eclipse.jetty.server.handler.ContextHandlerCollection.handle(ContextHandlerCollection.java:250)
	at org.eclipse.jetty.server.handler.HandlerCollection.handle(HandlerCollection.java:149)
	at org.eclipse.jetty.server.handler.HandlerWrapper.handle(HandlerWrapper.java:110)
	at org.eclipse.jetty.server.Server.handle(Server.java:350)
	at org.eclipse.jetty.server.HttpConnection.handleRequest(HttpConnection.java:442)
	at org.eclipse.jetty.server.HttpConnection$RequestHandler.content(HttpConnection.java:927)
	at org.eclipse.jetty.http.HttpParser.parseNext(HttpParser.java:784)
	at org.eclipse.jetty.http.HttpParser.parseAvailable(HttpParser.java:223)
	at org.eclipse.jetty.server.AsyncHttpConnection.handle(AsyncHttpConnection.java:46)
	at org.eclipse.jetty.io.nio.SelectChannelEndPoint.handle(SelectChannelEndPoint.java:545)
	at org.eclipse.jetty.io.nio.SelectChannelEndPoint$1.run(SelectChannelEndPoint.java:43)
	at org.eclipse.jetty.util.thread.QueuedThreadPool.runJob(QueuedThreadPool.java:598)
	at org.eclipse.jetty.util.thread.QueuedThreadPool$3.run(QueuedThreadPool.java:533)
	at java.lang.Thread.run(Thread.java:662)
2011-09-24 11:18:46,570 ERROR [qtp2090003334-26] (MarkupContainer.java:1518) - Unable to find component with id 'mainNavigation' in [Page class = net.mad.ads.manager.web.pages.SignOutPage, id = 2, render count = 1]
	Expected: '.mainNavigation'.
	Found with similar names: ''
2011-09-24 11:18:46,573 ERROR [qtp2090003334-26] (DefaultExceptionMapper.java:114) - Unexpected error occurred
Unable to find component with id 'mainNavigation' in [Page class = net.mad.ads.manager.web.pages.SignOutPage, id = 2, render count = 1]
	Expected: '.mainNavigation'.
	Found with similar names: ''
 MarkupStream: [markup = file:/D:/workspace1/advertisement/ad.manager/target/classes/net/mad/ads/manager/web/pages/SignOutPage.html
<html xmlns:wicket="http://wicket.apache.org">
<head>
    <title>Wicket Examples - signin2</title>
    <link rel="stylesheet" type="text/css" href="style.css"/>
</head>
<body>
    <span wicket:id="mainNavigation"></span>
	<h2>Goodbye!</h2>    
	<wicket:link><a href="HomePage.html">Home</a></wicket:link>
</body>
</html>
, index = 7, current =  '<span wicket:id="mainNavigation">' (line 0, column 0)]
	at org.apache.wicket.markup.MarkupStream.throwMarkupException(MarkupStream.java:526)
	at org.apache.wicket.MarkupContainer.renderNext(MarkupContainer.java:1519)
	at org.apache.wicket.MarkupContainer.renderAll(MarkupContainer.java:1638)
	at org.apache.wicket.Page.onRender(Page.java:904)
	at org.apache.wicket.markup.html.WebPage.onRender(WebPage.java:140)
	at org.apache.wicket.Component.internalRender(Component.java:2341)
	at org.apache.wicket.Component.render(Component.java:2269)
	at org.apache.wicket.Page.renderPage(Page.java:1035)
	at org.apache.wicket.request.handler.render.WebPageRenderer.renderPage(WebPageRenderer.java:105)
	at org.apache.wicket.request.handler.render.WebPageRenderer.respond(WebPageRenderer.java:224)
	at org.apache.wicket.request.handler.RenderPageRequestHandler.respond(RenderPageRequestHandler.java:147)
	at org.apache.wicket.request.cycle.RequestCycle$HandlerExecutor.respond(RequestCycle.java:719)
	at org.apache.wicket.request.RequestHandlerStack.execute(RequestHandlerStack.java:63)
	at org.apache.wicket.request.cycle.RequestCycle.processRequest(RequestCycle.java:210)
	at org.apache.wicket.request.cycle.RequestCycle.processRequestAndDetach(RequestCycle.java:253)
	at org.apache.wicket.protocol.http.WicketFilter.processRequest(WicketFilter.java:162)
	at org.apache.wicket.protocol.http.WicketFilter.doFilter(WicketFilter.java:218)
	at org.eclipse.jetty.servlet.ServletHandler$CachedChain.doFilter(ServletHandler.java:1333)
	at org.eclipse.jetty.servlet.ServletHandler.doHandle(ServletHandler.java:487)
	at org.eclipse.jetty.server.handler.ScopedHandler.handle(ScopedHandler.java:119)
	at org.eclipse.jetty.security.SecurityHandler.handle(SecurityHandler.java:520)
	at org.eclipse.jetty.server.session.SessionHandler.doHandle(SessionHandler.java:233)
	at org.eclipse.jetty.server.handler.ContextHandler.doHandle(ContextHandler.java:972)
	at org.eclipse.jetty.servlet.ServletHandler.doScope(ServletHandler.java:417)
	at org.eclipse.jetty.server.session.SessionHandler.doScope(SessionHandler.java:192)
	at org.eclipse.jetty.server.handler.ContextHandler.doScope(ContextHandler.java:906)
	at org.eclipse.jetty.server.handler.ScopedHandler.handle(ScopedHandler.java:117)
	at org.eclipse.jetty.server.handler.ContextHandlerCollection.handle(ContextHandlerCollection.java:250)
	at org.eclipse.jetty.server.handler.HandlerCollection.handle(HandlerCollection.java:149)
	at org.eclipse.jetty.server.handler.HandlerWrapper.handle(HandlerWrapper.java:110)
	at org.eclipse.jetty.server.Server.handle(Server.java:350)
	at org.eclipse.jetty.server.HttpConnection.handleRequest(HttpConnection.java:442)
	at org.eclipse.jetty.server.HttpConnection$RequestHandler.headerComplete(HttpConnection.java:910)
	at org.eclipse.jetty.http.HttpParser.parseNext(HttpParser.java:565)
	at org.eclipse.jetty.http.HttpParser.parseAvailable(HttpParser.java:217)
	at org.eclipse.jetty.server.AsyncHttpConnection.handle(AsyncHttpConnection.java:46)
	at org.eclipse.jetty.io.nio.SelectChannelEndPoint.handle(SelectChannelEndPoint.java:545)
	at org.eclipse.jetty.io.nio.SelectChannelEndPoint$1.run(SelectChannelEndPoint.java:43)
	at org.eclipse.jetty.util.thread.QueuedThreadPool.runJob(QueuedThreadPool.java:598)
	at org.eclipse.jetty.util.thread.QueuedThreadPool$3.run(QueuedThreadPool.java:533)
	at java.lang.Thread.run(Thread.java:662)
2011-09-24 11:53:40,350 ERROR [qtp721886738-23] (JDBCExceptionReporter.java:234) - Tabelle "ADMINUSER" nicht gefunden
Table "ADMINUSER" not found; SQL statement:
select this_.id as id1_0_, this_.username as username1_0_, this_.password as password1_0_, this_.email as email1_0_, this_.created as created1_0_, this_.active as active1_0_, this_.type as type1_0_ from AdminUser this_ where this_.username=? and this_.password=? limit ? [42102-160]
2011-09-24 11:53:40,365 ERROR [qtp721886738-23] (ManagerSession.java:56) - 
net.mad.ads.base.api.exception.ServiceException: could not execute query
	at net.mad.ads.base.api.service.user.HibernateUserService.login(HibernateUserService.java:64)
	at net.mad.ads.manager.web.application.ManagerSession.authenticate(ManagerSession.java:50)
	at org.apache.wicket.authroles.authentication.AuthenticatedWebSession.signIn(AuthenticatedWebSession.java:65)
	at org.apache.wicket.authroles.authentication.panel.SignInPanel.signIn(SignInPanel.java:219)
	at org.apache.wicket.authroles.authentication.panel.SignInPanel.onBeforeRender(SignInPanel.java:127)
	at org.apache.wicket.Component.internalBeforeRender(Component.java:978)
	at org.apache.wicket.Component.beforeRender(Component.java:1012)
	at org.apache.wicket.MarkupContainer.onBeforeRenderChildren(MarkupContainer.java:1785)
	at org.apache.wicket.Component.onBeforeRender(Component.java:3775)
	at org.apache.wicket.Page.onBeforeRender(Page.java:823)
	at org.apache.wicket.Component.internalBeforeRender(Component.java:978)
	at org.apache.wicket.Component.beforeRender(Component.java:1012)
	at org.apache.wicket.Component.internalPrepareForRender(Component.java:2178)
	at org.apache.wicket.Page.internalPrepareForRender(Page.java:280)
	at org.apache.wicket.Component.render(Component.java:2265)
	at org.apache.wicket.Page.renderPage(Page.java:1035)
	at org.apache.wicket.request.handler.render.WebPageRenderer.renderPage(WebPageRenderer.java:105)
	at org.apache.wicket.request.handler.render.WebPageRenderer.respond(WebPageRenderer.java:224)
	at org.apache.wicket.request.handler.RenderPageRequestHandler.respond(RenderPageRequestHandler.java:147)
	at org.apache.wicket.request.cycle.RequestCycle$HandlerExecutor.respond(RequestCycle.java:719)
	at org.apache.wicket.request.RequestHandlerStack.execute(RequestHandlerStack.java:63)
	at org.apache.wicket.request.cycle.RequestCycle.processRequest(RequestCycle.java:210)
	at org.apache.wicket.request.cycle.RequestCycle.processRequestAndDetach(RequestCycle.java:253)
	at org.apache.wicket.protocol.http.WicketFilter.processRequest(WicketFilter.java:162)
	at org.apache.wicket.protocol.http.WicketFilter.doFilter(WicketFilter.java:218)
	at org.eclipse.jetty.servlet.ServletHandler$CachedChain.doFilter(ServletHandler.java:1333)
	at org.eclipse.jetty.servlet.ServletHandler.doHandle(ServletHandler.java:487)
	at org.eclipse.jetty.server.handler.ScopedHandler.handle(ScopedHandler.java:119)
	at org.eclipse.jetty.security.SecurityHandler.handle(SecurityHandler.java:520)
	at org.eclipse.jetty.server.session.SessionHandler.doHandle(SessionHandler.java:233)
	at org.eclipse.jetty.server.handler.ContextHandler.doHandle(ContextHandler.java:972)
	at org.eclipse.jetty.servlet.ServletHandler.doScope(ServletHandler.java:417)
	at org.eclipse.jetty.server.session.SessionHandler.doScope(SessionHandler.java:192)
	at org.eclipse.jetty.server.handler.ContextHandler.doScope(ContextHandler.java:906)
	at org.eclipse.jetty.server.handler.ScopedHandler.handle(ScopedHandler.java:117)
	at org.eclipse.jetty.server.handler.ContextHandlerCollection.handle(ContextHandlerCollection.java:250)
	at org.eclipse.jetty.server.handler.HandlerCollection.handle(HandlerCollection.java:149)
	at org.eclipse.jetty.server.handler.HandlerWrapper.handle(HandlerWrapper.java:110)
	at org.eclipse.jetty.server.Server.handle(Server.java:350)
	at org.eclipse.jetty.server.HttpConnection.handleRequest(HttpConnection.java:442)
	at org.eclipse.jetty.server.HttpConnection$RequestHandler.headerComplete(HttpConnection.java:910)
	at org.eclipse.jetty.http.HttpParser.parseNext(HttpParser.java:565)
	at org.eclipse.jetty.http.HttpParser.parseAvailable(HttpParser.java:217)
	at org.eclipse.jetty.server.AsyncHttpConnection.handle(AsyncHttpConnection.java:46)
	at org.eclipse.jetty.io.nio.SelectChannelEndPoint.handle(SelectChannelEndPoint.java:545)
	at org.eclipse.jetty.io.nio.SelectChannelEndPoint$1.run(SelectChannelEndPoint.java:43)
	at org.eclipse.jetty.util.thread.QueuedThreadPool.runJob(QueuedThreadPool.java:598)
	at org.eclipse.jetty.util.thread.QueuedThreadPool$3.run(QueuedThreadPool.java:533)
	at java.lang.Thread.run(Thread.java:662)
2011-09-24 11:53:44,695 ERROR [qtp721886738-24] (JDBCExceptionReporter.java:234) - Tabelle "ADMINUSER" nicht gefunden
Table "ADMINUSER" not found; SQL statement:
select this_.id as id1_0_, this_.username as username1_0_, this_.password as password1_0_, this_.email as email1_0_, this_.created as created1_0_, this_.active as active1_0_, this_.type as type1_0_ from AdminUser this_ where this_.username=? and this_.password=? limit ? [42102-160]
2011-09-24 11:53:44,696 ERROR [qtp721886738-24] (ManagerSession.java:56) - 
net.mad.ads.base.api.exception.ServiceException: could not execute query
	at net.mad.ads.base.api.service.user.HibernateUserService.login(HibernateUserService.java:64)
	at net.mad.ads.manager.web.application.ManagerSession.authenticate(ManagerSession.java:50)
	at org.apache.wicket.authroles.authentication.AuthenticatedWebSession.signIn(AuthenticatedWebSession.java:65)
	at org.apache.wicket.authroles.authentication.panel.SignInPanel.signIn(SignInPanel.java:219)
	at org.apache.wicket.authroles.authentication.panel.SignInPanel.access$100(SignInPanel.java:51)
	at org.apache.wicket.authroles.authentication.panel.SignInPanel$SignInForm.onSubmit(SignInPanel.java:296)
	at org.apache.wicket.markup.html.form.Form$10.component(Form.java:1157)
	at org.apache.wicket.markup.html.form.Form$10.component(Form.java:1152)
	at org.apache.wicket.util.visit.Visits.visitPostOrderHelper(Visits.java:273)
	at org.apache.wicket.util.visit.Visits.visitPostOrder(Visits.java:244)
	at org.apache.wicket.markup.html.form.Form.delegateSubmit(Form.java:1150)
	at org.apache.wicket.markup.html.form.Form.process(Form.java:803)
	at org.apache.wicket.markup.html.form.Form.onFormSubmitted(Form.java:728)
	at org.apache.wicket.markup.html.form.Form.onFormSubmitted(Form.java:670)
	at sun.reflect.NativeMethodAccessorImpl.invoke0(Native Method)
	at sun.reflect.NativeMethodAccessorImpl.invoke(NativeMethodAccessorImpl.java:39)
	at sun.reflect.DelegatingMethodAccessorImpl.invoke(DelegatingMethodAccessorImpl.java:25)
	at java.lang.reflect.Method.invoke(Method.java:597)
	at org.apache.wicket.RequestListenerInterface.internalInvoke(RequestListenerInterface.java:260)
	at org.apache.wicket.RequestListenerInterface.invoke(RequestListenerInterface.java:216)
	at org.apache.wicket.request.handler.ListenerInterfaceRequestHandler.invokeListener(ListenerInterfaceRequestHandler.java:179)
	at org.apache.wicket.request.handler.ListenerInterfaceRequestHandler.respond(ListenerInterfaceRequestHandler.java:165)
	at org.apache.wicket.request.cycle.RequestCycle$HandlerExecutor.respond(RequestCycle.java:719)
	at org.apache.wicket.request.RequestHandlerStack.execute(RequestHandlerStack.java:63)
	at org.apache.wicket.request.cycle.RequestCycle.processRequest(RequestCycle.java:210)
	at org.apache.wicket.request.cycle.RequestCycle.processRequestAndDetach(RequestCycle.java:253)
	at org.apache.wicket.protocol.http.WicketFilter.processRequest(WicketFilter.java:162)
	at org.apache.wicket.protocol.http.WicketFilter.doFilter(WicketFilter.java:218)
	at org.eclipse.jetty.servlet.ServletHandler$CachedChain.doFilter(ServletHandler.java:1333)
	at org.eclipse.jetty.servlet.ServletHandler.doHandle(ServletHandler.java:487)
	at org.eclipse.jetty.server.handler.ScopedHandler.handle(ScopedHandler.java:119)
	at org.eclipse.jetty.security.SecurityHandler.handle(SecurityHandler.java:520)
	at org.eclipse.jetty.server.session.SessionHandler.doHandle(SessionHandler.java:233)
	at org.eclipse.jetty.server.handler.ContextHandler.doHandle(ContextHandler.java:972)
	at org.eclipse.jetty.servlet.ServletHandler.doScope(ServletHandler.java:417)
	at org.eclipse.jetty.server.session.SessionHandler.doScope(SessionHandler.java:192)
	at org.eclipse.jetty.server.handler.ContextHandler.doScope(ContextHandler.java:906)
	at org.eclipse.jetty.server.handler.ScopedHandler.handle(ScopedHandler.java:117)
	at org.eclipse.jetty.server.handler.ContextHandlerCollection.handle(ContextHandlerCollection.java:250)
	at org.eclipse.jetty.server.handler.HandlerCollection.handle(HandlerCollection.java:149)
	at org.eclipse.jetty.server.handler.HandlerWrapper.handle(HandlerWrapper.java:110)
	at org.eclipse.jetty.server.Server.handle(Server.java:350)
	at org.eclipse.jetty.server.HttpConnection.handleRequest(HttpConnection.java:442)
	at org.eclipse.jetty.server.HttpConnection$RequestHandler.content(HttpConnection.java:927)
	at org.eclipse.jetty.http.HttpParser.parseNext(HttpParser.java:784)
	at org.eclipse.jetty.http.HttpParser.parseAvailable(HttpParser.java:223)
	at org.eclipse.jetty.server.AsyncHttpConnection.handle(AsyncHttpConnection.java:46)
	at org.eclipse.jetty.io.nio.SelectChannelEndPoint.handle(SelectChannelEndPoint.java:545)
	at org.eclipse.jetty.io.nio.SelectChannelEndPoint$1.run(SelectChannelEndPoint.java:43)
	at org.eclipse.jetty.util.thread.QueuedThreadPool.runJob(QueuedThreadPool.java:598)
	at org.eclipse.jetty.util.thread.QueuedThreadPool$3.run(QueuedThreadPool.java:533)
	at java.lang.Thread.run(Thread.java:662)
2011-09-24 11:53:47,822 ERROR [qtp721886738-25] (JDBCExceptionReporter.java:234) - Tabelle "ADMINUSER" nicht gefunden
Table "ADMINUSER" not found; SQL statement:
select this_.id as id1_0_, this_.username as username1_0_, this_.password as password1_0_, this_.email as email1_0_, this_.created as created1_0_, this_.active as active1_0_, this_.type as type1_0_ from AdminUser this_ where this_.username=? and this_.password=? limit ? [42102-160]
2011-09-24 11:53:47,832 ERROR [qtp721886738-25] (ManagerSession.java:56) - 
net.mad.ads.base.api.exception.ServiceException: could not execute query
	at net.mad.ads.base.api.service.user.HibernateUserService.login(HibernateUserService.java:64)
	at net.mad.ads.manager.web.application.ManagerSession.authenticate(ManagerSession.java:50)
	at org.apache.wicket.authroles.authentication.AuthenticatedWebSession.signIn(AuthenticatedWebSession.java:65)
	at org.apache.wicket.authroles.authentication.panel.SignInPanel.signIn(SignInPanel.java:219)
	at org.apache.wicket.authroles.authentication.panel.SignInPanel.access$100(SignInPanel.java:51)
	at org.apache.wicket.authroles.authentication.panel.SignInPanel$SignInForm.onSubmit(SignInPanel.java:296)
	at org.apache.wicket.markup.html.form.Form$10.component(Form.java:1157)
	at org.apache.wicket.markup.html.form.Form$10.component(Form.java:1152)
	at org.apache.wicket.util.visit.Visits.visitPostOrderHelper(Visits.java:273)
	at org.apache.wicket.util.visit.Visits.visitPostOrder(Visits.java:244)
	at org.apache.wicket.markup.html.form.Form.delegateSubmit(Form.java:1150)
	at org.apache.wicket.markup.html.form.Form.process(Form.java:803)
	at org.apache.wicket.markup.html.form.Form.onFormSubmitted(Form.java:728)
	at org.apache.wicket.markup.html.form.Form.onFormSubmitted(Form.java:670)
	at sun.reflect.NativeMethodAccessorImpl.invoke0(Native Method)
	at sun.reflect.NativeMethodAccessorImpl.invoke(NativeMethodAccessorImpl.java:39)
	at sun.reflect.DelegatingMethodAccessorImpl.invoke(DelegatingMethodAccessorImpl.java:25)
	at java.lang.reflect.Method.invoke(Method.java:597)
	at org.apache.wicket.RequestListenerInterface.internalInvoke(RequestListenerInterface.java:260)
	at org.apache.wicket.RequestListenerInterface.invoke(RequestListenerInterface.java:216)
	at org.apache.wicket.request.handler.ListenerInterfaceRequestHandler.invokeListener(ListenerInterfaceRequestHandler.java:179)
	at org.apache.wicket.request.handler.ListenerInterfaceRequestHandler.respond(ListenerInterfaceRequestHandler.java:165)
	at org.apache.wicket.request.cycle.RequestCycle$HandlerExecutor.respond(RequestCycle.java:719)
	at org.apache.wicket.request.RequestHandlerStack.execute(RequestHandlerStack.java:63)
	at org.apache.wicket.request.cycle.RequestCycle.processRequest(RequestCycle.java:210)
	at org.apache.wicket.request.cycle.RequestCycle.processRequestAndDetach(RequestCycle.java:253)
	at org.apache.wicket.protocol.http.WicketFilter.processRequest(WicketFilter.java:162)
	at org.apache.wicket.protocol.http.WicketFilter.doFilter(WicketFilter.java:218)
	at org.eclipse.jetty.servlet.ServletHandler$CachedChain.doFilter(ServletHandler.java:1333)
	at org.eclipse.jetty.servlet.ServletHandler.doHandle(ServletHandler.java:487)
	at org.eclipse.jetty.server.handler.ScopedHandler.handle(ScopedHandler.java:119)
	at org.eclipse.jetty.security.SecurityHandler.handle(SecurityHandler.java:520)
	at org.eclipse.jetty.server.session.SessionHandler.doHandle(SessionHandler.java:233)
	at org.eclipse.jetty.server.handler.ContextHandler.doHandle(ContextHandler.java:972)
	at org.eclipse.jetty.servlet.ServletHandler.doScope(ServletHandler.java:417)
	at org.eclipse.jetty.server.session.SessionHandler.doScope(SessionHandler.java:192)
	at org.eclipse.jetty.server.handler.ContextHandler.doScope(ContextHandler.java:906)
	at org.eclipse.jetty.server.handler.ScopedHandler.handle(ScopedHandler.java:117)
	at org.eclipse.jetty.server.handler.ContextHandlerCollection.handle(ContextHandlerCollection.java:250)
	at org.eclipse.jetty.server.handler.HandlerCollection.handle(HandlerCollection.java:149)
	at org.eclipse.jetty.server.handler.HandlerWrapper.handle(HandlerWrapper.java:110)
	at org.eclipse.jetty.server.Server.handle(Server.java:350)
	at org.eclipse.jetty.server.HttpConnection.handleRequest(HttpConnection.java:442)
	at org.eclipse.jetty.server.HttpConnection$RequestHandler.content(HttpConnection.java:927)
	at org.eclipse.jetty.http.HttpParser.parseNext(HttpParser.java:784)
	at org.eclipse.jetty.http.HttpParser.parseAvailable(HttpParser.java:223)
	at org.eclipse.jetty.server.AsyncHttpConnection.handle(AsyncHttpConnection.java:46)
	at org.eclipse.jetty.io.nio.SelectChannelEndPoint.handle(SelectChannelEndPoint.java:545)
	at org.eclipse.jetty.io.nio.SelectChannelEndPoint$1.run(SelectChannelEndPoint.java:43)
	at org.eclipse.jetty.util.thread.QueuedThreadPool.runJob(QueuedThreadPool.java:598)
	at org.eclipse.jetty.util.thread.QueuedThreadPool$3.run(QueuedThreadPool.java:533)
	at java.lang.Thread.run(Thread.java:662)
2011-09-24 12:44:30,643 ERROR [qtp900532540-26] (JDBCExceptionReporter.java:234) - Tabelle "ADMINUSER" nicht gefunden
Table "ADMINUSER" not found; SQL statement:
select this_.id as id1_0_, this_.username as username1_0_, this_.password as password1_0_, this_.email as email1_0_, this_.created as created1_0_, this_.active as active1_0_, this_.type as type1_0_ from AdminUser this_ where this_.username=? and this_.password=? limit ? [42102-160]
2011-09-24 12:44:30,654 ERROR [qtp900532540-26] (ManagerSession.java:56) - 
net.mad.ads.base.api.exception.ServiceException: could not execute query
	at net.mad.ads.base.api.service.user.HibernateUserService.login(HibernateUserService.java:64)
	at net.mad.ads.manager.web.application.ManagerSession.authenticate(ManagerSession.java:50)
	at org.apache.wicket.authroles.authentication.AuthenticatedWebSession.signIn(AuthenticatedWebSession.java:65)
	at org.apache.wicket.authroles.authentication.panel.SignInPanel.signIn(SignInPanel.java:219)
	at org.apache.wicket.authroles.authentication.panel.SignInPanel.onBeforeRender(SignInPanel.java:127)
	at org.apache.wicket.Component.internalBeforeRender(Component.java:978)
	at org.apache.wicket.Component.beforeRender(Component.java:1012)
	at org.apache.wicket.MarkupContainer.onBeforeRenderChildren(MarkupContainer.java:1785)
	at org.apache.wicket.Component.onBeforeRender(Component.java:3775)
	at org.apache.wicket.Page.onBeforeRender(Page.java:823)
	at org.apache.wicket.Component.internalBeforeRender(Component.java:978)
	at org.apache.wicket.Component.beforeRender(Component.java:1012)
	at org.apache.wicket.Component.internalPrepareForRender(Component.java:2178)
	at org.apache.wicket.Page.internalPrepareForRender(Page.java:280)
	at org.apache.wicket.Component.render(Component.java:2265)
	at org.apache.wicket.Page.renderPage(Page.java:1035)
	at org.apache.wicket.request.handler.render.WebPageRenderer.renderPage(WebPageRenderer.java:105)
	at org.apache.wicket.request.handler.render.WebPageRenderer.respond(WebPageRenderer.java:224)
	at org.apache.wicket.request.handler.RenderPageRequestHandler.respond(RenderPageRequestHandler.java:147)
	at org.apache.wicket.request.cycle.RequestCycle$HandlerExecutor.respond(RequestCycle.java:719)
	at org.apache.wicket.request.RequestHandlerStack.execute(RequestHandlerStack.java:63)
	at org.apache.wicket.request.cycle.RequestCycle.processRequest(RequestCycle.java:210)
	at org.apache.wicket.request.cycle.RequestCycle.processRequestAndDetach(RequestCycle.java:253)
	at org.apache.wicket.protocol.http.WicketFilter.processRequest(WicketFilter.java:162)
	at org.apache.wicket.protocol.http.WicketFilter.doFilter(WicketFilter.java:218)
	at org.eclipse.jetty.servlet.ServletHandler$CachedChain.doFilter(ServletHandler.java:1333)
	at org.eclipse.jetty.servlet.ServletHandler.doHandle(ServletHandler.java:487)
	at org.eclipse.jetty.server.handler.ScopedHandler.handle(ScopedHandler.java:119)
	at org.eclipse.jetty.security.SecurityHandler.handle(SecurityHandler.java:520)
	at org.eclipse.jetty.server.session.SessionHandler.doHandle(SessionHandler.java:233)
	at org.eclipse.jetty.server.handler.ContextHandler.doHandle(ContextHandler.java:972)
	at org.eclipse.jetty.servlet.ServletHandler.doScope(ServletHandler.java:417)
	at org.eclipse.jetty.server.session.SessionHandler.doScope(SessionHandler.java:192)
	at org.eclipse.jetty.server.handler.ContextHandler.doScope(ContextHandler.java:906)
	at org.eclipse.jetty.server.handler.ScopedHandler.handle(ScopedHandler.java:117)
	at org.eclipse.jetty.server.handler.ContextHandlerCollection.handle(ContextHandlerCollection.java:250)
	at org.eclipse.jetty.server.handler.HandlerCollection.handle(HandlerCollection.java:149)
	at org.eclipse.jetty.server.handler.HandlerWrapper.handle(HandlerWrapper.java:110)
	at org.eclipse.jetty.server.Server.handle(Server.java:350)
	at org.eclipse.jetty.server.HttpConnection.handleRequest(HttpConnection.java:442)
	at org.eclipse.jetty.server.HttpConnection$RequestHandler.headerComplete(HttpConnection.java:910)
	at org.eclipse.jetty.http.HttpParser.parseNext(HttpParser.java:565)
	at org.eclipse.jetty.http.HttpParser.parseAvailable(HttpParser.java:217)
	at org.eclipse.jetty.server.AsyncHttpConnection.handle(AsyncHttpConnection.java:46)
	at org.eclipse.jetty.io.nio.SelectChannelEndPoint.handle(SelectChannelEndPoint.java:545)
	at org.eclipse.jetty.io.nio.SelectChannelEndPoint$1.run(SelectChannelEndPoint.java:43)
	at org.eclipse.jetty.util.thread.QueuedThreadPool.runJob(QueuedThreadPool.java:598)
	at org.eclipse.jetty.util.thread.QueuedThreadPool$3.run(QueuedThreadPool.java:533)
	at java.lang.Thread.run(Thread.java:662)
2011-09-24 12:44:34,858 ERROR [qtp900532540-26] (JDBCExceptionReporter.java:234) - Tabelle "ADMINUSER" nicht gefunden
Table "ADMINUSER" not found; SQL statement:
select this_.id as id1_0_, this_.username as username1_0_, this_.password as password1_0_, this_.email as email1_0_, this_.created as created1_0_, this_.active as active1_0_, this_.type as type1_0_ from AdminUser this_ where this_.username=? and this_.password=? limit ? [42102-160]
2011-09-24 12:44:34,858 ERROR [qtp900532540-26] (ManagerSession.java:56) - 
net.mad.ads.base.api.exception.ServiceException: could not execute query
	at net.mad.ads.base.api.service.user.HibernateUserService.login(HibernateUserService.java:64)
	at net.mad.ads.manager.web.application.ManagerSession.authenticate(ManagerSession.java:50)
	at org.apache.wicket.authroles.authentication.AuthenticatedWebSession.signIn(AuthenticatedWebSession.java:65)
	at org.apache.wicket.authroles.authentication.panel.SignInPanel.signIn(SignInPanel.java:219)
	at org.apache.wicket.authroles.authentication.panel.SignInPanel.access$100(SignInPanel.java:51)
	at org.apache.wicket.authroles.authentication.panel.SignInPanel$SignInForm.onSubmit(SignInPanel.java:296)
	at org.apache.wicket.markup.html.form.Form$10.component(Form.java:1157)
	at org.apache.wicket.markup.html.form.Form$10.component(Form.java:1152)
	at org.apache.wicket.util.visit.Visits.visitPostOrderHelper(Visits.java:273)
	at org.apache.wicket.util.visit.Visits.visitPostOrder(Visits.java:244)
	at org.apache.wicket.markup.html.form.Form.delegateSubmit(Form.java:1150)
	at org.apache.wicket.markup.html.form.Form.process(Form.java:803)
	at org.apache.wicket.markup.html.form.Form.onFormSubmitted(Form.java:728)
	at org.apache.wicket.markup.html.form.Form.onFormSubmitted(Form.java:670)
	at sun.reflect.NativeMethodAccessorImpl.invoke0(Native Method)
	at sun.reflect.NativeMethodAccessorImpl.invoke(NativeMethodAccessorImpl.java:39)
	at sun.reflect.DelegatingMethodAccessorImpl.invoke(DelegatingMethodAccessorImpl.java:25)
	at java.lang.reflect.Method.invoke(Method.java:597)
	at org.apache.wicket.RequestListenerInterface.internalInvoke(RequestListenerInterface.java:260)
	at org.apache.wicket.RequestListenerInterface.invoke(RequestListenerInterface.java:216)
	at org.apache.wicket.request.handler.ListenerInterfaceRequestHandler.invokeListener(ListenerInterfaceRequestHandler.java:179)
	at org.apache.wicket.request.handler.ListenerInterfaceRequestHandler.respond(ListenerInterfaceRequestHandler.java:165)
	at org.apache.wicket.request.cycle.RequestCycle$HandlerExecutor.respond(RequestCycle.java:719)
	at org.apache.wicket.request.RequestHandlerStack.execute(RequestHandlerStack.java:63)
	at org.apache.wicket.request.cycle.RequestCycle.processRequest(RequestCycle.java:210)
	at org.apache.wicket.request.cycle.RequestCycle.processRequestAndDetach(RequestCycle.java:253)
	at org.apache.wicket.protocol.http.WicketFilter.processRequest(WicketFilter.java:162)
	at org.apache.wicket.protocol.http.WicketFilter.doFilter(WicketFilter.java:218)
	at org.eclipse.jetty.servlet.ServletHandler$CachedChain.doFilter(ServletHandler.java:1333)
	at org.eclipse.jetty.servlet.ServletHandler.doHandle(ServletHandler.java:487)
	at org.eclipse.jetty.server.handler.ScopedHandler.handle(ScopedHandler.java:119)
	at org.eclipse.jetty.security.SecurityHandler.handle(SecurityHandler.java:520)
	at org.eclipse.jetty.server.session.SessionHandler.doHandle(SessionHandler.java:233)
	at org.eclipse.jetty.server.handler.ContextHandler.doHandle(ContextHandler.java:972)
	at org.eclipse.jetty.servlet.ServletHandler.doScope(ServletHandler.java:417)
	at org.eclipse.jetty.server.session.SessionHandler.doScope(SessionHandler.java:192)
	at org.eclipse.jetty.server.handler.ContextHandler.doScope(ContextHandler.java:906)
	at org.eclipse.jetty.server.handler.ScopedHandler.handle(ScopedHandler.java:117)
	at org.eclipse.jetty.server.handler.ContextHandlerCollection.handle(ContextHandlerCollection.java:250)
	at org.eclipse.jetty.server.handler.HandlerCollection.handle(HandlerCollection.java:149)
	at org.eclipse.jetty.server.handler.HandlerWrapper.handle(HandlerWrapper.java:110)
	at org.eclipse.jetty.server.Server.handle(Server.java:350)
	at org.eclipse.jetty.server.HttpConnection.handleRequest(HttpConnection.java:442)
	at org.eclipse.jetty.server.HttpConnection$RequestHandler.content(HttpConnection.java:927)
	at org.eclipse.jetty.http.HttpParser.parseNext(HttpParser.java:784)
	at org.eclipse.jetty.http.HttpParser.parseAvailable(HttpParser.java:223)
	at org.eclipse.jetty.server.AsyncHttpConnection.handle(AsyncHttpConnection.java:46)
	at org.eclipse.jetty.io.nio.SelectChannelEndPoint.handle(SelectChannelEndPoint.java:545)
	at org.eclipse.jetty.io.nio.SelectChannelEndPoint$1.run(SelectChannelEndPoint.java:43)
	at org.eclipse.jetty.util.thread.QueuedThreadPool.runJob(QueuedThreadPool.java:598)
	at org.eclipse.jetty.util.thread.QueuedThreadPool$3.run(QueuedThreadPool.java:533)
	at java.lang.Thread.run(Thread.java:662)
2011-09-24 15:56:07,236 ERROR [qtp1667298751-24] (JDBCExceptionReporter.java:234) - Tabelle "ADMINUSER" nicht gefunden
Table "ADMINUSER" not found; SQL statement:
select this_.id as id1_0_, this_.username as username1_0_, this_.password as password1_0_, this_.email as email1_0_, this_.created as created1_0_, this_.active as active1_0_, this_.type as type1_0_ from AdminUser this_ where this_.username=? and this_.password=? limit ? [42102-160]
2011-09-24 15:56:07,264 ERROR [qtp1667298751-24] (ManagerSession.java:56) - 
net.mad.ads.base.api.exception.ServiceException: could not execute query
	at net.mad.ads.base.api.service.user.HibernateUserService.login(HibernateUserService.java:64)
	at net.mad.ads.manager.web.application.ManagerSession.authenticate(ManagerSession.java:50)
	at org.apache.wicket.authroles.authentication.AuthenticatedWebSession.signIn(AuthenticatedWebSession.java:65)
	at org.apache.wicket.authroles.authentication.panel.SignInPanel.signIn(SignInPanel.java:219)
	at org.apache.wicket.authroles.authentication.panel.SignInPanel.access$100(SignInPanel.java:51)
	at org.apache.wicket.authroles.authentication.panel.SignInPanel$SignInForm.onSubmit(SignInPanel.java:296)
	at org.apache.wicket.markup.html.form.Form$10.component(Form.java:1157)
	at org.apache.wicket.markup.html.form.Form$10.component(Form.java:1152)
	at org.apache.wicket.util.visit.Visits.visitPostOrderHelper(Visits.java:273)
	at org.apache.wicket.util.visit.Visits.visitPostOrder(Visits.java:244)
	at org.apache.wicket.markup.html.form.Form.delegateSubmit(Form.java:1150)
	at org.apache.wicket.markup.html.form.Form.process(Form.java:803)
	at org.apache.wicket.markup.html.form.Form.onFormSubmitted(Form.java:728)
	at org.apache.wicket.markup.html.form.Form.onFormSubmitted(Form.java:670)
	at sun.reflect.NativeMethodAccessorImpl.invoke0(Native Method)
	at sun.reflect.NativeMethodAccessorImpl.invoke(NativeMethodAccessorImpl.java:39)
	at sun.reflect.DelegatingMethodAccessorImpl.invoke(DelegatingMethodAccessorImpl.java:25)
	at java.lang.reflect.Method.invoke(Method.java:597)
	at org.apache.wicket.RequestListenerInterface.internalInvoke(RequestListenerInterface.java:260)
	at org.apache.wicket.RequestListenerInterface.invoke(RequestListenerInterface.java:216)
	at org.apache.wicket.request.handler.ListenerInterfaceRequestHandler.invokeListener(ListenerInterfaceRequestHandler.java:179)
	at org.apache.wicket.request.handler.ListenerInterfaceRequestHandler.respond(ListenerInterfaceRequestHandler.java:165)
	at org.apache.wicket.request.cycle.RequestCycle$HandlerExecutor.respond(RequestCycle.java:719)
	at org.apache.wicket.request.RequestHandlerStack.execute(RequestHandlerStack.java:63)
	at org.apache.wicket.request.cycle.RequestCycle.processRequest(RequestCycle.java:210)
	at org.apache.wicket.request.cycle.RequestCycle.processRequestAndDetach(RequestCycle.java:253)
	at org.apache.wicket.protocol.http.WicketFilter.processRequest(WicketFilter.java:162)
	at org.apache.wicket.protocol.http.WicketFilter.doFilter(WicketFilter.java:218)
	at org.eclipse.jetty.servlet.ServletHandler$CachedChain.doFilter(ServletHandler.java:1333)
	at org.eclipse.jetty.servlet.ServletHandler.doHandle(ServletHandler.java:487)
	at org.eclipse.jetty.server.handler.ScopedHandler.handle(ScopedHandler.java:119)
	at org.eclipse.jetty.security.SecurityHandler.handle(SecurityHandler.java:520)
	at org.eclipse.jetty.server.session.SessionHandler.doHandle(SessionHandler.java:233)
	at org.eclipse.jetty.server.handler.ContextHandler.doHandle(ContextHandler.java:972)
	at org.eclipse.jetty.servlet.ServletHandler.doScope(ServletHandler.java:417)
	at org.eclipse.jetty.server.session.SessionHandler.doScope(SessionHandler.java:192)
	at org.eclipse.jetty.server.handler.ContextHandler.doScope(ContextHandler.java:906)
	at org.eclipse.jetty.server.handler.ScopedHandler.handle(ScopedHandler.java:117)
	at org.eclipse.jetty.server.handler.ContextHandlerCollection.handle(ContextHandlerCollection.java:250)
	at org.eclipse.jetty.server.handler.HandlerCollection.handle(HandlerCollection.java:149)
	at org.eclipse.jetty.server.handler.HandlerWrapper.handle(HandlerWrapper.java:110)
	at org.eclipse.jetty.server.Server.handle(Server.java:350)
	at org.eclipse.jetty.server.HttpConnection.handleRequest(HttpConnection.java:442)
	at org.eclipse.jetty.server.HttpConnection$RequestHandler.content(HttpConnection.java:927)
	at org.eclipse.jetty.http.HttpParser.parseNext(HttpParser.java:784)
	at org.eclipse.jetty.http.HttpParser.parseAvailable(HttpParser.java:223)
	at org.eclipse.jetty.server.AsyncHttpConnection.handle(AsyncHttpConnection.java:46)
	at org.eclipse.jetty.io.nio.SelectChannelEndPoint.handle(SelectChannelEndPoint.java:545)
	at org.eclipse.jetty.io.nio.SelectChannelEndPoint$1.run(SelectChannelEndPoint.java:43)
	at org.eclipse.jetty.util.thread.QueuedThreadPool.runJob(QueuedThreadPool.java:598)
	at org.eclipse.jetty.util.thread.QueuedThreadPool$3.run(QueuedThreadPool.java:533)
	at java.lang.Thread.run(Thread.java:662)
2011-09-24 16:10:29,219 ERROR [qtp276472199-24] (JDBCExceptionReporter.java:234) - Tabelle "ADMINUSER" nicht gefunden
Table "ADMINUSER" not found; SQL statement:
select this_.id as id1_0_, this_.username as username1_0_, this_.password as password1_0_, this_.email as email1_0_, this_.created as created1_0_, this_.active as active1_0_, this_.type as type1_0_ from AdminUser this_ where this_.username=? and this_.password=? limit ? [42102-160]
2011-09-24 16:10:29,220 ERROR [qtp276472199-24] (ManagerSession.java:56) - 
net.mad.ads.base.api.exception.ServiceException: could not execute query
	at net.mad.ads.base.api.service.user.HibernateUserService.login(HibernateUserService.java:64)
	at net.mad.ads.manager.web.application.ManagerSession.authenticate(ManagerSession.java:50)
	at org.apache.wicket.authroles.authentication.AuthenticatedWebSession.signIn(AuthenticatedWebSession.java:65)
	at org.apache.wicket.authroles.authentication.panel.SignInPanel.signIn(SignInPanel.java:219)
	at org.apache.wicket.authroles.authentication.panel.SignInPanel.access$100(SignInPanel.java:51)
	at org.apache.wicket.authroles.authentication.panel.SignInPanel$SignInForm.onSubmit(SignInPanel.java:296)
	at org.apache.wicket.markup.html.form.Form$10.component(Form.java:1157)
	at org.apache.wicket.markup.html.form.Form$10.component(Form.java:1152)
	at org.apache.wicket.util.visit.Visits.visitPostOrderHelper(Visits.java:273)
	at org.apache.wicket.util.visit.Visits.visitPostOrder(Visits.java:244)
	at org.apache.wicket.markup.html.form.Form.delegateSubmit(Form.java:1150)
	at org.apache.wicket.markup.html.form.Form.process(Form.java:803)
	at org.apache.wicket.markup.html.form.Form.onFormSubmitted(Form.java:728)
	at org.apache.wicket.markup.html.form.Form.onFormSubmitted(Form.java:670)
	at sun.reflect.NativeMethodAccessorImpl.invoke0(Native Method)
	at sun.reflect.NativeMethodAccessorImpl.invoke(NativeMethodAccessorImpl.java:39)
	at sun.reflect.DelegatingMethodAccessorImpl.invoke(DelegatingMethodAccessorImpl.java:25)
	at java.lang.reflect.Method.invoke(Method.java:597)
	at org.apache.wicket.RequestListenerInterface.internalInvoke(RequestListenerInterface.java:260)
	at org.apache.wicket.RequestListenerInterface.invoke(RequestListenerInterface.java:216)
	at org.apache.wicket.request.handler.ListenerInterfaceRequestHandler.invokeListener(ListenerInterfaceRequestHandler.java:179)
	at org.apache.wicket.request.handler.ListenerInterfaceRequestHandler.respond(ListenerInterfaceRequestHandler.java:165)
	at org.apache.wicket.request.cycle.RequestCycle$HandlerExecutor.respond(RequestCycle.java:719)
	at org.apache.wicket.request.RequestHandlerStack.execute(RequestHandlerStack.java:63)
	at org.apache.wicket.request.cycle.RequestCycle.processRequest(RequestCycle.java:210)
	at org.apache.wicket.request.cycle.RequestCycle.processRequestAndDetach(RequestCycle.java:253)
	at org.apache.wicket.protocol.http.WicketFilter.processRequest(WicketFilter.java:162)
	at org.apache.wicket.protocol.http.WicketFilter.doFilter(WicketFilter.java:218)
	at org.eclipse.jetty.servlet.ServletHandler$CachedChain.doFilter(ServletHandler.java:1333)
	at org.eclipse.jetty.servlet.ServletHandler.doHandle(ServletHandler.java:487)
	at org.eclipse.jetty.server.handler.ScopedHandler.handle(ScopedHandler.java:119)
	at org.eclipse.jetty.security.SecurityHandler.handle(SecurityHandler.java:520)
	at org.eclipse.jetty.server.session.SessionHandler.doHandle(SessionHandler.java:233)
	at org.eclipse.jetty.server.handler.ContextHandler.doHandle(ContextHandler.java:972)
	at org.eclipse.jetty.servlet.ServletHandler.doScope(ServletHandler.java:417)
	at org.eclipse.jetty.server.session.SessionHandler.doScope(SessionHandler.java:192)
	at org.eclipse.jetty.server.handler.ContextHandler.doScope(ContextHandler.java:906)
	at org.eclipse.jetty.server.handler.ScopedHandler.handle(ScopedHandler.java:117)
	at org.eclipse.jetty.server.handler.ContextHandlerCollection.handle(ContextHandlerCollection.java:250)
	at org.eclipse.jetty.server.handler.HandlerCollection.handle(HandlerCollection.java:149)
	at org.eclipse.jetty.server.handler.HandlerWrapper.handle(HandlerWrapper.java:110)
	at org.eclipse.jetty.server.Server.handle(Server.java:350)
	at org.eclipse.jetty.server.HttpConnection.handleRequest(HttpConnection.java:442)
	at org.eclipse.jetty.server.HttpConnection$RequestHandler.content(HttpConnection.java:927)
	at org.eclipse.jetty.http.HttpParser.parseNext(HttpParser.java:784)
	at org.eclipse.jetty.http.HttpParser.parseAvailable(HttpParser.java:223)
	at org.eclipse.jetty.server.AsyncHttpConnection.handle(AsyncHttpConnection.java:46)
	at org.eclipse.jetty.io.nio.SelectChannelEndPoint.handle(SelectChannelEndPoint.java:545)
	at org.eclipse.jetty.io.nio.SelectChannelEndPoint$1.run(SelectChannelEndPoint.java:43)
	at org.eclipse.jetty.util.thread.QueuedThreadPool.runJob(QueuedThreadPool.java:598)
	at org.eclipse.jetty.util.thread.QueuedThreadPool$3.run(QueuedThreadPool.java:533)
	at java.lang.Thread.run(Thread.java:662)
2011-09-24 16:17:50,417 ERROR [qtp1507255250-26] (JDBCExceptionReporter.java:234) - Tabelle "ADMINUSER" nicht gefunden
Table "ADMINUSER" not found; SQL statement:
select this_.id as id1_0_, this_.username as username1_0_, this_.password as password1_0_, this_.email as email1_0_, this_.created as created1_0_, this_.active as active1_0_, this_.type as type1_0_ from AdminUser this_ where this_.username=? and this_.password=? limit ? [42102-160]
2011-09-24 16:17:50,418 ERROR [qtp1507255250-26] (ManagerSession.java:56) - 
net.mad.ads.base.api.exception.ServiceException: could not execute query
	at net.mad.ads.base.api.service.user.HibernateUserService.login(HibernateUserService.java:64)
	at net.mad.ads.manager.web.application.ManagerSession.authenticate(ManagerSession.java:50)
	at org.apache.wicket.authroles.authentication.AuthenticatedWebSession.signIn(AuthenticatedWebSession.java:65)
	at org.apache.wicket.authroles.authentication.panel.SignInPanel.signIn(SignInPanel.java:219)
	at org.apache.wicket.authroles.authentication.panel.SignInPanel.onBeforeRender(SignInPanel.java:127)
	at org.apache.wicket.Component.internalBeforeRender(Component.java:978)
	at org.apache.wicket.Component.beforeRender(Component.java:1012)
	at org.apache.wicket.MarkupContainer.onBeforeRenderChildren(MarkupContainer.java:1785)
	at org.apache.wicket.Component.onBeforeRender(Component.java:3775)
	at org.apache.wicket.Page.onBeforeRender(Page.java:823)
	at org.apache.wicket.Component.internalBeforeRender(Component.java:978)
	at org.apache.wicket.Component.beforeRender(Component.java:1012)
	at org.apache.wicket.Component.internalPrepareForRender(Component.java:2178)
	at org.apache.wicket.Page.internalPrepareForRender(Page.java:280)
	at org.apache.wicket.Component.render(Component.java:2265)
	at org.apache.wicket.Page.renderPage(Page.java:1035)
	at org.apache.wicket.request.handler.render.WebPageRenderer.renderPage(WebPageRenderer.java:105)
	at org.apache.wicket.request.handler.render.WebPageRenderer.respond(WebPageRenderer.java:224)
	at org.apache.wicket.request.handler.RenderPageRequestHandler.respond(RenderPageRequestHandler.java:147)
	at org.apache.wicket.request.cycle.RequestCycle$HandlerExecutor.respond(RequestCycle.java:719)
	at org.apache.wicket.request.RequestHandlerStack.execute(RequestHandlerStack.java:63)
	at org.apache.wicket.request.cycle.RequestCycle.processRequest(RequestCycle.java:210)
	at org.apache.wicket.request.cycle.RequestCycle.processRequestAndDetach(RequestCycle.java:253)
	at org.apache.wicket.protocol.http.WicketFilter.processRequest(WicketFilter.java:162)
	at org.apache.wicket.protocol.http.WicketFilter.doFilter(WicketFilter.java:218)
	at org.eclipse.jetty.servlet.ServletHandler$CachedChain.doFilter(ServletHandler.java:1333)
	at org.eclipse.jetty.servlet.ServletHandler.doHandle(ServletHandler.java:487)
	at org.eclipse.jetty.server.handler.ScopedHandler.handle(ScopedHandler.java:119)
	at org.eclipse.jetty.security.SecurityHandler.handle(SecurityHandler.java:520)
	at org.eclipse.jetty.server.session.SessionHandler.doHandle(SessionHandler.java:233)
	at org.eclipse.jetty.server.handler.ContextHandler.doHandle(ContextHandler.java:972)
	at org.eclipse.jetty.servlet.ServletHandler.doScope(ServletHandler.java:417)
	at org.eclipse.jetty.server.session.SessionHandler.doScope(SessionHandler.java:192)
	at org.eclipse.jetty.server.handler.ContextHandler.doScope(ContextHandler.java:906)
	at org.eclipse.jetty.server.handler.ScopedHandler.handle(ScopedHandler.java:117)
	at org.eclipse.jetty.server.handler.ContextHandlerCollection.handle(ContextHandlerCollection.java:250)
	at org.eclipse.jetty.server.handler.HandlerCollection.handle(HandlerCollection.java:149)
	at org.eclipse.jetty.server.handler.HandlerWrapper.handle(HandlerWrapper.java:110)
	at org.eclipse.jetty.server.Server.handle(Server.java:350)
	at org.eclipse.jetty.server.HttpConnection.handleRequest(HttpConnection.java:442)
	at org.eclipse.jetty.server.HttpConnection$RequestHandler.headerComplete(HttpConnection.java:910)
	at org.eclipse.jetty.http.HttpParser.parseNext(HttpParser.java:565)
	at org.eclipse.jetty.http.HttpParser.parseAvailable(HttpParser.java:217)
	at org.eclipse.jetty.server.AsyncHttpConnection.handle(AsyncHttpConnection.java:46)
	at org.eclipse.jetty.io.nio.SelectChannelEndPoint.handle(SelectChannelEndPoint.java:545)
	at org.eclipse.jetty.io.nio.SelectChannelEndPoint$1.run(SelectChannelEndPoint.java:43)
	at org.eclipse.jetty.util.thread.QueuedThreadPool.runJob(QueuedThreadPool.java:598)
	at org.eclipse.jetty.util.thread.QueuedThreadPool$3.run(QueuedThreadPool.java:533)
	at java.lang.Thread.run(Thread.java:662)
2011-09-24 16:19:25,648 ERROR [qtp1507255250-21] (JDBCExceptionReporter.java:234) - Tabelle "ADMINUSER" nicht gefunden
Table "ADMINUSER" not found; SQL statement:
select this_.id as id1_0_, this_.username as username1_0_, this_.password as password1_0_, this_.email as email1_0_, this_.created as created1_0_, this_.active as active1_0_, this_.type as type1_0_ from AdminUser this_ where this_.username=? and this_.password=? limit ? [42102-160]
2011-09-24 16:19:25,650 ERROR [qtp1507255250-21] (ManagerSession.java:56) - 
net.mad.ads.base.api.exception.ServiceException: could not execute query
	at net.mad.ads.base.api.service.user.HibernateUserService.login(HibernateUserService.java:64)
	at net.mad.ads.manager.web.application.ManagerSession.authenticate(ManagerSession.java:50)
	at org.apache.wicket.authroles.authentication.AuthenticatedWebSession.signIn(AuthenticatedWebSession.java:65)
	at org.apache.wicket.authroles.authentication.panel.SignInPanel.signIn(SignInPanel.java:219)
	at org.apache.wicket.authroles.authentication.panel.SignInPanel.onBeforeRender(SignInPanel.java:127)
	at org.apache.wicket.Component.internalBeforeRender(Component.java:978)
	at org.apache.wicket.Component.beforeRender(Component.java:1012)
	at org.apache.wicket.MarkupContainer.onBeforeRenderChildren(MarkupContainer.java:1785)
	at org.apache.wicket.Component.onBeforeRender(Component.java:3775)
	at org.apache.wicket.Page.onBeforeRender(Page.java:823)
	at org.apache.wicket.Component.internalBeforeRender(Component.java:978)
	at org.apache.wicket.Component.beforeRender(Component.java:1012)
	at org.apache.wicket.Component.internalPrepareForRender(Component.java:2178)
	at org.apache.wicket.Page.internalPrepareForRender(Page.java:280)
	at org.apache.wicket.Component.render(Component.java:2265)
	at org.apache.wicket.Page.renderPage(Page.java:1035)
	at org.apache.wicket.request.handler.render.WebPageRenderer.renderPage(WebPageRenderer.java:105)
	at org.apache.wicket.request.handler.render.WebPageRenderer.respond(WebPageRenderer.java:224)
	at org.apache.wicket.request.handler.RenderPageRequestHandler.respond(RenderPageRequestHandler.java:147)
	at org.apache.wicket.request.cycle.RequestCycle$HandlerExecutor.respond(RequestCycle.java:719)
	at org.apache.wicket.request.RequestHandlerStack.execute(RequestHandlerStack.java:63)
	at org.apache.wicket.request.cycle.RequestCycle.processRequest(RequestCycle.java:210)
	at org.apache.wicket.request.cycle.RequestCycle.processRequestAndDetach(RequestCycle.java:253)
	at org.apache.wicket.protocol.http.WicketFilter.processRequest(WicketFilter.java:162)
	at org.apache.wicket.protocol.http.WicketFilter.doFilter(WicketFilter.java:218)
	at org.eclipse.jetty.servlet.ServletHandler$CachedChain.doFilter(ServletHandler.java:1333)
	at org.eclipse.jetty.servlet.ServletHandler.doHandle(ServletHandler.java:487)
	at org.eclipse.jetty.server.handler.ScopedHandler.handle(ScopedHandler.java:119)
	at org.eclipse.jetty.security.SecurityHandler.handle(SecurityHandler.java:520)
	at org.eclipse.jetty.server.session.SessionHandler.doHandle(SessionHandler.java:233)
	at org.eclipse.jetty.server.handler.ContextHandler.doHandle(ContextHandler.java:972)
	at org.eclipse.jetty.servlet.ServletHandler.doScope(ServletHandler.java:417)
	at org.eclipse.jetty.server.session.SessionHandler.doScope(SessionHandler.java:192)
	at org.eclipse.jetty.server.handler.ContextHandler.doScope(ContextHandler.java:906)
	at org.eclipse.jetty.server.handler.ScopedHandler.handle(ScopedHandler.java:117)
	at org.eclipse.jetty.server.handler.ContextHandlerCollection.handle(ContextHandlerCollection.java:250)
	at org.eclipse.jetty.server.handler.HandlerCollection.handle(HandlerCollection.java:149)
	at org.eclipse.jetty.server.handler.HandlerWrapper.handle(HandlerWrapper.java:110)
	at org.eclipse.jetty.server.Server.handle(Server.java:350)
	at org.eclipse.jetty.server.HttpConnection.handleRequest(HttpConnection.java:442)
	at org.eclipse.jetty.server.HttpConnection$RequestHandler.headerComplete(HttpConnection.java:910)
	at org.eclipse.jetty.http.HttpParser.parseNext(HttpParser.java:565)
	at org.eclipse.jetty.http.HttpParser.parseAvailable(HttpParser.java:217)
	at org.eclipse.jetty.server.AsyncHttpConnection.handle(AsyncHttpConnection.java:46)
	at org.eclipse.jetty.io.nio.SelectChannelEndPoint.handle(SelectChannelEndPoint.java:545)
	at org.eclipse.jetty.io.nio.SelectChannelEndPoint$1.run(SelectChannelEndPoint.java:43)
	at org.eclipse.jetty.util.thread.QueuedThreadPool.runJob(QueuedThreadPool.java:598)
	at org.eclipse.jetty.util.thread.QueuedThreadPool$3.run(QueuedThreadPool.java:533)
	at java.lang.Thread.run(Thread.java:662)
2011-09-24 16:19:29,576 ERROR [qtp1507255250-24] (JDBCExceptionReporter.java:234) - Tabelle "ADMINUSER" nicht gefunden
Table "ADMINUSER" not found; SQL statement:
select this_.id as id1_0_, this_.username as username1_0_, this_.password as password1_0_, this_.email as email1_0_, this_.created as created1_0_, this_.active as active1_0_, this_.type as type1_0_ from AdminUser this_ where this_.username=? and this_.password=? limit ? [42102-160]
2011-09-24 16:19:29,576 ERROR [qtp1507255250-24] (ManagerSession.java:56) - 
net.mad.ads.base.api.exception.ServiceException: could not execute query
	at net.mad.ads.base.api.service.user.HibernateUserService.login(HibernateUserService.java:64)
	at net.mad.ads.manager.web.application.ManagerSession.authenticate(ManagerSession.java:50)
	at org.apache.wicket.authroles.authentication.AuthenticatedWebSession.signIn(AuthenticatedWebSession.java:65)
	at org.apache.wicket.authroles.authentication.panel.SignInPanel.signIn(SignInPanel.java:219)
	at org.apache.wicket.authroles.authentication.panel.SignInPanel.access$100(SignInPanel.java:51)
	at org.apache.wicket.authroles.authentication.panel.SignInPanel$SignInForm.onSubmit(SignInPanel.java:296)
	at org.apache.wicket.markup.html.form.Form$10.component(Form.java:1157)
	at org.apache.wicket.markup.html.form.Form$10.component(Form.java:1152)
	at org.apache.wicket.util.visit.Visits.visitPostOrderHelper(Visits.java:273)
	at org.apache.wicket.util.visit.Visits.visitPostOrder(Visits.java:244)
	at org.apache.wicket.markup.html.form.Form.delegateSubmit(Form.java:1150)
	at org.apache.wicket.markup.html.form.Form.process(Form.java:803)
	at org.apache.wicket.markup.html.form.Form.onFormSubmitted(Form.java:728)
	at org.apache.wicket.markup.html.form.Form.onFormSubmitted(Form.java:670)
	at sun.reflect.NativeMethodAccessorImpl.invoke0(Native Method)
	at sun.reflect.NativeMethodAccessorImpl.invoke(NativeMethodAccessorImpl.java:39)
	at sun.reflect.DelegatingMethodAccessorImpl.invoke(DelegatingMethodAccessorImpl.java:25)
	at java.lang.reflect.Method.invoke(Method.java:597)
	at org.apache.wicket.RequestListenerInterface.internalInvoke(RequestListenerInterface.java:260)
	at org.apache.wicket.RequestListenerInterface.invoke(RequestListenerInterface.java:216)
	at org.apache.wicket.request.handler.ListenerInterfaceRequestHandler.invokeListener(ListenerInterfaceRequestHandler.java:179)
	at org.apache.wicket.request.handler.ListenerInterfaceRequestHandler.respond(ListenerInterfaceRequestHandler.java:165)
	at org.apache.wicket.request.cycle.RequestCycle$HandlerExecutor.respond(RequestCycle.java:719)
	at org.apache.wicket.request.RequestHandlerStack.execute(RequestHandlerStack.java:63)
	at org.apache.wicket.request.cycle.RequestCycle.processRequest(RequestCycle.java:210)
	at org.apache.wicket.request.cycle.RequestCycle.processRequestAndDetach(RequestCycle.java:253)
	at org.apache.wicket.protocol.http.WicketFilter.processRequest(WicketFilter.java:162)
	at org.apache.wicket.protocol.http.WicketFilter.doFilter(WicketFilter.java:218)
	at org.eclipse.jetty.servlet.ServletHandler$CachedChain.doFilter(ServletHandler.java:1333)
	at org.eclipse.jetty.servlet.ServletHandler.doHandle(ServletHandler.java:487)
	at org.eclipse.jetty.server.handler.ScopedHandler.handle(ScopedHandler.java:119)
	at org.eclipse.jetty.security.SecurityHandler.handle(SecurityHandler.java:520)
	at org.eclipse.jetty.server.session.SessionHandler.doHandle(SessionHandler.java:233)
	at org.eclipse.jetty.server.handler.ContextHandler.doHandle(ContextHandler.java:972)
	at org.eclipse.jetty.servlet.ServletHandler.doScope(ServletHandler.java:417)
	at org.eclipse.jetty.server.session.SessionHandler.doScope(SessionHandler.java:192)
	at org.eclipse.jetty.server.handler.ContextHandler.doScope(ContextHandler.java:906)
	at org.eclipse.jetty.server.handler.ScopedHandler.handle(ScopedHandler.java:117)
	at org.eclipse.jetty.server.handler.ContextHandlerCollection.handle(ContextHandlerCollection.java:250)
	at org.eclipse.jetty.server.handler.HandlerCollection.handle(HandlerCollection.java:149)
	at org.eclipse.jetty.server.handler.HandlerWrapper.handle(HandlerWrapper.java:110)
	at org.eclipse.jetty.server.Server.handle(Server.java:350)
	at org.eclipse.jetty.server.HttpConnection.handleRequest(HttpConnection.java:442)
	at org.eclipse.jetty.server.HttpConnection$RequestHandler.content(HttpConnection.java:927)
	at org.eclipse.jetty.http.HttpParser.parseNext(HttpParser.java:784)
	at org.eclipse.jetty.http.HttpParser.parseAvailable(HttpParser.java:223)
	at org.eclipse.jetty.server.AsyncHttpConnection.handle(AsyncHttpConnection.java:46)
	at org.eclipse.jetty.io.nio.SelectChannelEndPoint.handle(SelectChannelEndPoint.java:545)
	at org.eclipse.jetty.io.nio.SelectChannelEndPoint$1.run(SelectChannelEndPoint.java:43)
	at org.eclipse.jetty.util.thread.QueuedThreadPool.runJob(QueuedThreadPool.java:598)
	at org.eclipse.jetty.util.thread.QueuedThreadPool$3.run(QueuedThreadPool.java:533)
	at java.lang.Thread.run(Thread.java:662)
2011-09-24 16:19:56,915 ERROR [qtp1900096353-25] (JDBCExceptionReporter.java:234) - Tabelle "ADMINUSER" nicht gefunden
Table "ADMINUSER" not found; SQL statement:
select this_.id as id1_0_, this_.username as username1_0_, this_.password as password1_0_, this_.email as email1_0_, this_.created as created1_0_, this_.active as active1_0_, this_.type as type1_0_ from AdminUser this_ where this_.username=? and this_.password=? limit ? [42102-160]
2011-09-24 16:19:56,919 ERROR [qtp1900096353-25] (ManagerSession.java:56) - 
net.mad.ads.base.api.exception.ServiceException: could not execute query
	at net.mad.ads.base.api.service.user.HibernateUserService.login(HibernateUserService.java:64)
	at net.mad.ads.manager.web.application.ManagerSession.authenticate(ManagerSession.java:50)
	at org.apache.wicket.authroles.authentication.AuthenticatedWebSession.signIn(AuthenticatedWebSession.java:65)
	at org.apache.wicket.authroles.authentication.panel.SignInPanel.signIn(SignInPanel.java:219)
	at org.apache.wicket.authroles.authentication.panel.SignInPanel.access$100(SignInPanel.java:51)
	at org.apache.wicket.authroles.authentication.panel.SignInPanel$SignInForm.onSubmit(SignInPanel.java:296)
	at org.apache.wicket.markup.html.form.Form$10.component(Form.java:1157)
	at org.apache.wicket.markup.html.form.Form$10.component(Form.java:1152)
	at org.apache.wicket.util.visit.Visits.visitPostOrderHelper(Visits.java:273)
	at org.apache.wicket.util.visit.Visits.visitPostOrder(Visits.java:244)
	at org.apache.wicket.markup.html.form.Form.delegateSubmit(Form.java:1150)
	at org.apache.wicket.markup.html.form.Form.process(Form.java:803)
	at org.apache.wicket.markup.html.form.Form.onFormSubmitted(Form.java:728)
	at org.apache.wicket.markup.html.form.Form.onFormSubmitted(Form.java:670)
	at sun.reflect.NativeMethodAccessorImpl.invoke0(Native Method)
	at sun.reflect.NativeMethodAccessorImpl.invoke(NativeMethodAccessorImpl.java:39)
	at sun.reflect.DelegatingMethodAccessorImpl.invoke(DelegatingMethodAccessorImpl.java:25)
	at java.lang.reflect.Method.invoke(Method.java:597)
	at org.apache.wicket.RequestListenerInterface.internalInvoke(RequestListenerInterface.java:260)
	at org.apache.wicket.RequestListenerInterface.invoke(RequestListenerInterface.java:216)
	at org.apache.wicket.request.handler.ListenerInterfaceRequestHandler.invokeListener(ListenerInterfaceRequestHandler.java:179)
	at org.apache.wicket.request.handler.ListenerInterfaceRequestHandler.respond(ListenerInterfaceRequestHandler.java:165)
	at org.apache.wicket.request.cycle.RequestCycle$HandlerExecutor.respond(RequestCycle.java:719)
	at org.apache.wicket.request.RequestHandlerStack.execute(RequestHandlerStack.java:63)
	at org.apache.wicket.request.cycle.RequestCycle.processRequest(RequestCycle.java:210)
	at org.apache.wicket.request.cycle.RequestCycle.processRequestAndDetach(RequestCycle.java:253)
	at org.apache.wicket.protocol.http.WicketFilter.processRequest(WicketFilter.java:162)
	at org.apache.wicket.protocol.http.WicketFilter.doFilter(WicketFilter.java:218)
	at org.eclipse.jetty.servlet.ServletHandler$CachedChain.doFilter(ServletHandler.java:1333)
	at org.eclipse.jetty.servlet.ServletHandler.doHandle(ServletHandler.java:487)
	at org.eclipse.jetty.server.handler.ScopedHandler.handle(ScopedHandler.java:119)
	at org.eclipse.jetty.security.SecurityHandler.handle(SecurityHandler.java:520)
	at org.eclipse.jetty.server.session.SessionHandler.doHandle(SessionHandler.java:233)
	at org.eclipse.jetty.server.handler.ContextHandler.doHandle(ContextHandler.java:972)
	at org.eclipse.jetty.servlet.ServletHandler.doScope(ServletHandler.java:417)
	at org.eclipse.jetty.server.session.SessionHandler.doScope(SessionHandler.java:192)
	at org.eclipse.jetty.server.handler.ContextHandler.doScope(ContextHandler.java:906)
	at org.eclipse.jetty.server.handler.ScopedHandler.handle(ScopedHandler.java:117)
	at org.eclipse.jetty.server.handler.ContextHandlerCollection.handle(ContextHandlerCollection.java:250)
	at org.eclipse.jetty.server.handler.HandlerCollection.handle(HandlerCollection.java:149)
	at org.eclipse.jetty.server.handler.HandlerWrapper.handle(HandlerWrapper.java:110)
	at org.eclipse.jetty.server.Server.handle(Server.java:350)
	at org.eclipse.jetty.server.HttpConnection.handleRequest(HttpConnection.java:442)
	at org.eclipse.jetty.server.HttpConnection$RequestHandler.content(HttpConnection.java:927)
	at org.eclipse.jetty.http.HttpParser.parseNext(HttpParser.java:784)
	at org.eclipse.jetty.http.HttpParser.parseAvailable(HttpParser.java:223)
	at org.eclipse.jetty.server.AsyncHttpConnection.handle(AsyncHttpConnection.java:46)
	at org.eclipse.jetty.io.nio.SelectChannelEndPoint.handle(SelectChannelEndPoint.java:545)
	at org.eclipse.jetty.io.nio.SelectChannelEndPoint$1.run(SelectChannelEndPoint.java:43)
	at org.eclipse.jetty.util.thread.QueuedThreadPool.runJob(QueuedThreadPool.java:598)
	at org.eclipse.jetty.util.thread.QueuedThreadPool$3.run(QueuedThreadPool.java:533)
	at java.lang.Thread.run(Thread.java:662)
2011-09-24 16:24:33,152 ERROR [qtp218940734-25] (DefaultExceptionMapper.java:114) - Unexpected error occurred
org.apache.wicket.WicketRuntimeException: Exception in rendering component: [ [Component id = firstButton]]
	at org.apache.wicket.Component.internalRenderComponent(Component.java:2538)
	at org.apache.wicket.MarkupContainer.onRender(MarkupContainer.java:1576)
	at org.apache.wicket.Component.internalRender(Component.java:2341)
	at org.apache.wicket.Component.render(Component.java:2269)
	at org.apache.wicket.MarkupContainer.renderNext(MarkupContainer.java:1474)
	at org.apache.wicket.MarkupContainer.renderAll(MarkupContainer.java:1638)
	at org.apache.wicket.MarkupContainer.renderComponentTagBody(MarkupContainer.java:1613)
	at org.apache.wicket.MarkupContainer.onComponentTagBody(MarkupContainer.java:1567)
	at org.apache.wicket.markup.html.panel.DefaultMarkupSourcingStrategy.onComponentTagBody(DefaultMarkupSourcingStrategy.java:72)
	at org.apache.wicket.Component.internalRenderComponent(Component.java:2511)
	at org.apache.wicket.MarkupContainer.onRender(MarkupContainer.java:1576)
	at org.apache.wicket.Component.internalRender(Component.java:2341)
	at org.apache.wicket.Component.render(Component.java:2269)
	at org.apache.wicket.MarkupContainer.renderNext(MarkupContainer.java:1474)
	at org.apache.wicket.MarkupContainer.renderAll(MarkupContainer.java:1638)
	at org.apache.wicket.MarkupContainer.renderComponentTagBody(MarkupContainer.java:1613)
	at org.apache.wicket.MarkupContainer.onComponentTagBody(MarkupContainer.java:1567)
	at org.apache.wicket.markup.html.panel.DefaultMarkupSourcingStrategy.onComponentTagBody(DefaultMarkupSourcingStrategy.java:72)
	at org.apache.wicket.Component.internalRenderComponent(Component.java:2511)
	at org.apache.wicket.MarkupContainer.onRender(MarkupContainer.java:1576)
	at org.apache.wicket.Component.internalRender(Component.java:2341)
	at org.apache.wicket.Component.render(Component.java:2269)
	at org.apache.wicket.MarkupContainer.renderNext(MarkupContainer.java:1474)
	at org.apache.wicket.MarkupContainer.renderAll(MarkupContainer.java:1638)
	at org.apache.wicket.Page.onRender(Page.java:904)
	at org.apache.wicket.markup.html.WebPage.onRender(WebPage.java:140)
	at org.apache.wicket.Component.internalRender(Component.java:2341)
	at org.apache.wicket.Component.render(Component.java:2269)
	at org.apache.wicket.Page.renderPage(Page.java:1035)
	at org.apache.wicket.request.handler.render.WebPageRenderer.renderPage(WebPageRenderer.java:105)
	at org.apache.wicket.request.handler.render.WebPageRenderer.respond(WebPageRenderer.java:224)
	at org.apache.wicket.request.handler.RenderPageRequestHandler.respond(RenderPageRequestHandler.java:147)
	at org.apache.wicket.request.cycle.RequestCycle$HandlerExecutor.respond(RequestCycle.java:719)
	at org.apache.wicket.request.RequestHandlerStack.execute(RequestHandlerStack.java:63)
	at org.apache.wicket.request.cycle.RequestCycle.processRequest(RequestCycle.java:210)
	at org.apache.wicket.request.cycle.RequestCycle.processRequestAndDetach(RequestCycle.java:253)
	at org.apache.wicket.protocol.http.WicketFilter.processRequest(WicketFilter.java:162)
	at org.apache.wicket.protocol.http.WicketFilter.doFilter(WicketFilter.java:218)
	at org.eclipse.jetty.servlet.ServletHandler$CachedChain.doFilter(ServletHandler.java:1333)
	at org.eclipse.jetty.servlet.ServletHandler.doHandle(ServletHandler.java:487)
	at org.eclipse.jetty.server.handler.ScopedHandler.handle(ScopedHandler.java:119)
	at org.eclipse.jetty.security.SecurityHandler.handle(SecurityHandler.java:520)
	at org.eclipse.jetty.server.session.SessionHandler.doHandle(SessionHandler.java:233)
	at org.eclipse.jetty.server.handler.ContextHandler.doHandle(ContextHandler.java:972)
	at org.eclipse.jetty.servlet.ServletHandler.doScope(ServletHandler.java:417)
	at org.eclipse.jetty.server.session.SessionHandler.doScope(SessionHandler.java:192)
	at org.eclipse.jetty.server.handler.ContextHandler.doScope(ContextHandler.java:906)
	at org.eclipse.jetty.server.handler.ScopedHandler.handle(ScopedHandler.java:117)
	at org.eclipse.jetty.server.handler.ContextHandlerCollection.handle(ContextHandlerCollection.java:250)
	at org.eclipse.jetty.server.handler.HandlerCollection.handle(HandlerCollection.java:149)
	at org.eclipse.jetty.server.handler.HandlerWrapper.handle(HandlerWrapper.java:110)
	at org.eclipse.jetty.server.Server.handle(Server.java:350)
	at org.eclipse.jetty.server.HttpConnection.handleRequest(HttpConnection.java:442)
	at org.eclipse.jetty.server.HttpConnection$RequestHandler.headerComplete(HttpConnection.java:910)
	at org.eclipse.jetty.http.HttpParser.parseNext(HttpParser.java:565)
	at org.eclipse.jetty.http.HttpParser.parseAvailable(HttpParser.java:217)
	at org.eclipse.jetty.server.AsyncHttpConnection.handle(AsyncHttpConnection.java:46)
	at org.eclipse.jetty.io.nio.SelectChannelEndPoint.handle(SelectChannelEndPoint.java:545)
	at org.eclipse.jetty.io.nio.SelectChannelEndPoint$1.run(SelectChannelEndPoint.java:43)
	at org.eclipse.jetty.util.thread.QueuedThreadPool.runJob(QueuedThreadPool.java:598)
	at org.eclipse.jetty.util.thread.QueuedThreadPool$3.run(QueuedThreadPool.java:533)
	at java.lang.Thread.run(Thread.java:662)
Caused by: java.lang.IllegalStateException: form was not specified in the constructor and cannot be found in the hierarchy of the component this behavior is attached to: Component=[ [Component id = firstButton]]
	at org.apache.wicket.ajax.form.AjaxFormSubmitBehavior.getForm(AjaxFormSubmitBehavior.java:94)
	at org.apache.wicket.ajax.form.AjaxFormSubmitBehavior.getEventHandler(AjaxFormSubmitBehavior.java:129)
	at org.apache.wicket.ajax.markup.html.form.AjaxButton$1.getEventHandler(AjaxButton.java:130)
	at org.apache.wicket.ajax.AjaxEventBehavior.onComponentTag(AjaxEventBehavior.java:111)
	at org.apache.wicket.behavior.AbstractAjaxBehavior.onComponentTag(AbstractAjaxBehavior.java:99)
	at org.apache.wicket.Component.renderComponentTag(Component.java:3888)
	at org.apache.wicket.Component.internalRenderComponent(Component.java:2502)
	... 61 more
2011-09-24 17:51:21,458 ERROR [qtp1252103166-26] (JDBCExceptionReporter.java:234) - Tabelle "ADMINUSER" nicht gefunden
Table "ADMINUSER" not found; SQL statement:
select this_.id as id1_0_, this_.username as username1_0_, this_.password as password1_0_, this_.email as email1_0_, this_.created as created1_0_, this_.active as active1_0_, this_.type as type1_0_ from AdminUser this_ where this_.username=? and this_.password=? limit ? [42102-160]
2011-09-24 17:51:21,479 ERROR [qtp1252103166-26] (ManagerSession.java:56) - 
net.mad.ads.base.api.exception.ServiceException: could not execute query
	at net.mad.ads.base.api.service.user.HibernateUserService.login(HibernateUserService.java:64)
	at net.mad.ads.manager.web.application.ManagerSession.authenticate(ManagerSession.java:50)
	at org.apache.wicket.authroles.authentication.AuthenticatedWebSession.signIn(AuthenticatedWebSession.java:65)
	at org.apache.wicket.authroles.authentication.panel.SignInPanel.signIn(SignInPanel.java:219)
	at org.apache.wicket.authroles.authentication.panel.SignInPanel.onBeforeRender(SignInPanel.java:127)
	at org.apache.wicket.Component.internalBeforeRender(Component.java:978)
	at org.apache.wicket.Component.beforeRender(Component.java:1012)
	at org.apache.wicket.MarkupContainer.onBeforeRenderChildren(MarkupContainer.java:1785)
	at org.apache.wicket.Component.onBeforeRender(Component.java:3775)
	at org.apache.wicket.Page.onBeforeRender(Page.java:823)
	at org.apache.wicket.Component.internalBeforeRender(Component.java:978)
	at org.apache.wicket.Component.beforeRender(Component.java:1012)
	at org.apache.wicket.Component.internalPrepareForRender(Component.java:2178)
	at org.apache.wicket.Page.internalPrepareForRender(Page.java:280)
	at org.apache.wicket.Component.render(Component.java:2265)
	at org.apache.wicket.Page.renderPage(Page.java:1035)
	at org.apache.wicket.request.handler.render.WebPageRenderer.renderPage(WebPageRenderer.java:105)
	at org.apache.wicket.request.handler.render.WebPageRenderer.respond(WebPageRenderer.java:224)
	at org.apache.wicket.request.handler.RenderPageRequestHandler.respond(RenderPageRequestHandler.java:147)
	at org.apache.wicket.request.cycle.RequestCycle$HandlerExecutor.respond(RequestCycle.java:719)
	at org.apache.wicket.request.RequestHandlerStack.execute(RequestHandlerStack.java:63)
	at org.apache.wicket.request.cycle.RequestCycle.processRequest(RequestCycle.java:210)
	at org.apache.wicket.request.cycle.RequestCycle.processRequestAndDetach(RequestCycle.java:253)
	at org.apache.wicket.protocol.http.WicketFilter.processRequest(WicketFilter.java:162)
	at org.apache.wicket.protocol.http.WicketFilter.doFilter(WicketFilter.java:218)
	at org.eclipse.jetty.servlet.ServletHandler$CachedChain.doFilter(ServletHandler.java:1333)
	at org.eclipse.jetty.servlet.ServletHandler.doHandle(ServletHandler.java:487)
	at org.eclipse.jetty.server.handler.ScopedHandler.handle(ScopedHandler.java:119)
	at org.eclipse.jetty.security.SecurityHandler.handle(SecurityHandler.java:520)
	at org.eclipse.jetty.server.session.SessionHandler.doHandle(SessionHandler.java:233)
	at org.eclipse.jetty.server.handler.ContextHandler.doHandle(ContextHandler.java:972)
	at org.eclipse.jetty.servlet.ServletHandler.doScope(ServletHandler.java:417)
	at org.eclipse.jetty.server.session.SessionHandler.doScope(SessionHandler.java:192)
	at org.eclipse.jetty.server.handler.ContextHandler.doScope(ContextHandler.java:906)
	at org.eclipse.jetty.server.handler.ScopedHandler.handle(ScopedHandler.java:117)
	at org.eclipse.jetty.server.handler.ContextHandlerCollection.handle(ContextHandlerCollection.java:250)
	at org.eclipse.jetty.server.handler.HandlerCollection.handle(HandlerCollection.java:149)
	at org.eclipse.jetty.server.handler.HandlerWrapper.handle(HandlerWrapper.java:110)
	at org.eclipse.jetty.server.Server.handle(Server.java:350)
	at org.eclipse.jetty.server.HttpConnection.handleRequest(HttpConnection.java:442)
	at org.eclipse.jetty.server.HttpConnection$RequestHandler.headerComplete(HttpConnection.java:910)
	at org.eclipse.jetty.http.HttpParser.parseNext(HttpParser.java:565)
	at org.eclipse.jetty.http.HttpParser.parseAvailable(HttpParser.java:217)
	at org.eclipse.jetty.server.AsyncHttpConnection.handle(AsyncHttpConnection.java:46)
	at org.eclipse.jetty.io.nio.SelectChannelEndPoint.handle(SelectChannelEndPoint.java:545)
	at org.eclipse.jetty.io.nio.SelectChannelEndPoint$1.run(SelectChannelEndPoint.java:43)
	at org.eclipse.jetty.util.thread.QueuedThreadPool.runJob(QueuedThreadPool.java:598)
	at org.eclipse.jetty.util.thread.QueuedThreadPool$3.run(QueuedThreadPool.java:533)
	at java.lang.Thread.run(Thread.java:662)
